#
# A fatal error has been detected by the Java Runtime Environment:
#
#  SIGSEGV (0xb) at pc=0x00007f5afb10e17a, pid=26809, tid=26837
#
# JRE version: Java(TM) SE Runtime Environment (11.0.1+13) (build 11.0.1+13-LTS)
# Java VM: Java HotSpot(TM) 64-Bit Server VM (11.0.1+13-LTS, mixed mode, tiered, compressed oops, g1 gc, linux-amd64)
# Problematic frame:
# C  [libX11.so.6+0x2e17a]
#
# Core dump will be written. Default location: Core dumps may be processed with "/usr/lib/systemd/systemd-coredump %P %u %g %s %t %c %h %e" (or dumping to /run/media/alexandrebis-x220/Elements/ESGI/Matières/Projet_Annuel/3AL_Java/JavaFX/3AL_ClientJavaFX/JavaFX/core.26809)
#
# If you would like to submit a bug report, please visit:
#   http://bugreport.java.com/bugreport/crash.jsp
# The crash happened outside the Java Virtual Machine in native code.
# See problematic frame for where to report the bug.
#

---------------  S U M M A R Y ------------

Command Line: --module-path=/home/alexandrebis-x220/.m2/repository/com/google/code/gson/gson/2.8.5/gson-2.8.5.jar:/home/alexandrebis-x220/.m2/repository/commons-codec/commons-codec/1.6/commons-codec-1.6.jar:/home/alexandrebis-x220/.m2/repository/commons-logging/commons-logging/1.1.3/commons-logging-1.1.3.jar:/home/alexandrebis-x220/.m2/repository/org/apache/httpcomponents/httpclient/4.3.4/httpclient-4.3.4.jar:/home/alexandrebis-x220/.m2/repository/org/apache/httpcomponents/httpcore/4.3.2/httpcore-4.3.2.jar:/home/alexandrebis-x220/.m2/repository/org/openjfx/javafx-base/11/javafx-base-11-linux.jar:/home/alexandrebis-x220/.m2/repository/org/openjfx/javafx-base/11/javafx-base-11.jar:/home/alexandrebis-x220/.m2/repository/org/openjfx/javafx-controls/11/javafx-controls-11-linux.jar:/home/alexandrebis-x220/.m2/repository/org/openjfx/javafx-controls/11/javafx-controls-11.jar:/home/alexandrebis-x220/.m2/repository/org/openjfx/javafx-fxml/11/javafx-fxml-11-linux.jar:/home/alexandrebis-x220/.m2/repository/org/openjfx/javafx-fxml/11/javafx-fxml-11.jar:/home/alexandrebis-x220/.m2/repository/org/openjfx/javafx-graphics/11/javafx-graphics-11-linux.jar:/home/alexandrebis-x220/.m2/repository/org/openjfx/javafx-graphics/11/javafx-graphics-11.jar --add-modules=gson,commons.codec,commons.logging,httpclient,httpcore,javafx.base,javafx.controls,javafx.fxml,javafx.graphics MainApp

Host: Intel(R) Core(TM) i5-2520M CPU @ 2.50GHz, 4 cores, 5G, Fedora release 28 (Twenty Eight)
Time: Sun May 19 00:52:12 2019 CEST elapsed time: 0 seconds (0d 0h 0m 0s)

---------------  T H R E A D  ---------------

Current thread (0x00007f5b484a1000):  JavaThread "GtkNativeMainLoopThread" [_thread_in_native, id=26837, stack(0x00007f5ac44cf000,0x00007f5ac45d0000)]

Stack: [0x00007f5ac44cf000,0x00007f5ac45d0000],  sp=0x00007f5ac45cdfc0,  free space=1019k
Native frames: (J=compiled Java code, A=aot compiled Java code, j=interpreted, Vv=VM code, C=native code)
C  [libX11.so.6+0x2e17a]

Java frames: (J=compiled Java code, j=interpreted, Vv=VM code)
j  com.sun.glass.ui.gtk.GtkApplication.staticScreen_getScreens()[Lcom/sun/glass/ui/Screen;+0 javafx.graphics
j  com.sun.glass.ui.Screen.initScreens()V+6 javafx.graphics
j  com.sun.glass.ui.Application.lambda$run$1(Ljava/lang/Runnable;)V+0 javafx.graphics
j  com.sun.glass.ui.Application$$Lambda$98.run()V+4 javafx.graphics
v  ~StubRoutines::call_stub
j  com.sun.glass.ui.gtk.GtkApplication._runLoop(Ljava/lang/Runnable;Z)V+0 javafx.graphics
j  com.sun.glass.ui.gtk.GtkApplication.lambda$runLoop$11(Ljava/lang/Runnable;Z)V+7 javafx.graphics
j  com.sun.glass.ui.gtk.GtkApplication$$Lambda$102.run()V+12 javafx.graphics
j  java.lang.Thread.run()V+11 java.base@11.0.1
v  ~StubRoutines::call_stub

siginfo: si_signo: 11 (SIGSEGV), si_code: 1 (SEGV_MAPERR), si_addr: 0x0000000000000001

Register to memory mapping:

RAX=0x0000000000000001 is an unknown value
RBX=0x00007f5ac6420e2a: <offset 0x0000000000038e2a> in /home/alexandrebis-x220/.openjfx/cache/11/libglassgtk3.so at 0x00007f5ac63e8000
RCX=0x00007f5ab4004840 points into unknown readable memory
RDX=0x00007f5afb10df00: _XFreeAtomTable+0x0000000000000000 in /lib64/libX11.so.6 at 0x00007f5afb0e0000
RSP=0x00007f5ac45cdfc0 is pointing into the stack for thread: 0x00007f5b484a1000
RBP=0x00007f5ac6420e29: <offset 0x0000000000038e29> in /home/alexandrebis-x220/.openjfx/cache/11/libglassgtk3.so at 0x00007f5ac63e8000
RSI=0x0 is NULL
RDI=0x00007f5ab4004670 points into unknown readable memory
R8 =0x00007f5ab4004670 points into unknown readable memory
R9 =0x0 is NULL
R10=0x00007f5ab40008d0 points into unknown readable memory
R11=0x00007f5ab4004670 points into unknown readable memory
R12=0x00007f5b48425100 points into unknown readable memory
R13=0x00007f5b484a1340 points into unknown readable memory
R14=0x00007f5b48425100 points into unknown readable memory
R15=0x00007f5b48425100 points into unknown readable memory


Registers:
RAX=0x0000000000000001, RBX=0x00007f5ac6420e2a, RCX=0x00007f5ab4004840, RDX=0x00007f5afb10df00
RSP=0x00007f5ac45cdfc0, RBP=0x00007f5ac6420e29, RSI=0x0000000000000000, RDI=0x00007f5ab4004670
R8 =0x00007f5ab4004670, R9 =0x0000000000000000, R10=0x00007f5ab40008d0, R11=0x00007f5ab4004670
R12=0x00007f5b48425100, R13=0x00007f5b484a1340, R14=0x00007f5b48425100, R15=0x00007f5b48425100
RIP=0x00007f5afb10e17a, EFLAGS=0x0000000000010246, CSGSFS=0x002b000000000033, ERR=0x0000000000000006
  TRAPNO=0x000000000000000e

Top of Stack: (sp=0x00007f5ac45cdfc0)
0x00007f5ac45cdfc0:   00000001d84db8e0 00007f5ac45ce034
0x00007f5ac45cdfd0:   00007f5ac45ce038 00007f5ac45ce030
0x00007f5ac45cdfe0:   00007f5ac45ce070 00007f5b48425100
0x00007f5ac45cdff0:   00007f5ac6420e29 0000000000000001 

Instructions: (pc=0x00007f5afb10e17a)
0x00007f5afb10e15a:   48 8d 5d 01 e8 5d e7 fe ff 48 8b 15 5e ee 30 00
0x00007f5afb10e16a:   49 89 84 24 88 09 00 00 49 89 c3 49 8b 44 24 08
0x00007f5afb10e17a:   48 89 10 48 0f be 45 00 84 c0 0f 85 0d fe ff ff
0x00007f5afb10e18a:   45 31 ed 31 db c7 04 24 01 00 00 00 45 31 c0 e9 


---------------  P R O C E S S  ---------------

Threads class SMR info:
_java_thread_list=0x00007f5b484a2080, length=13, elements={
0x00007f5b48012000, 0x00007f5b48126800, 0x00007f5b4812a800, 0x00007f5b4813b000,
0x00007f5b4813c800, 0x00007f5b4813e800, 0x00007f5b48148800, 0x00007f5b481dc000,
0x00007f5af00d2800, 0x00007f5b482c0800, 0x00007f5b4834a000, 0x00007f5b484a9000,
0x00007f5b484a1000
}

Java Threads: ( => current thread )
  0x00007f5b48012000 JavaThread "main" [_thread_blocked, id=26810, stack(0x00007f5b4ef7c000,0x00007f5b4f07d000)]
  0x00007f5b48126800 JavaThread "Reference Handler" daemon [_thread_blocked, id=26819, stack(0x00007f5b1d0f6000,0x00007f5b1d1f7000)]
  0x00007f5b4812a800 JavaThread "Finalizer" daemon [_thread_blocked, id=26822, stack(0x00007f5b1cff5000,0x00007f5b1d0f6000)]
  0x00007f5b4813b000 JavaThread "Signal Dispatcher" daemon [_thread_blocked, id=26823, stack(0x00007f5b1cef4000,0x00007f5b1cff5000)]
  0x00007f5b4813c800 JavaThread "C2 CompilerThread0" daemon [_thread_blocked, id=26824, stack(0x00007f5b1cdf3000,0x00007f5b1cef4000)]
  0x00007f5b4813e800 JavaThread "C1 CompilerThread0" daemon [_thread_blocked, id=26825, stack(0x00007f5b1ccf2000,0x00007f5b1cdf3000)]
  0x00007f5b48148800 JavaThread "Sweeper thread" daemon [_thread_blocked, id=26826, stack(0x00007f5b1cbf1000,0x00007f5b1ccf2000)]
  0x00007f5b481dc000 JavaThread "Common-Cleaner" daemon [_thread_blocked, id=26827, stack(0x00007f5b1c6c8000,0x00007f5b1c7c9000)]
  0x00007f5af00d2800 JavaThread "C2 CompilerThread1" daemon [_thread_blocked, id=26828, stack(0x00007f5b1c5c7000,0x00007f5b1c6c8000)]
  0x00007f5b482c0800 JavaThread "Service Thread" daemon [_thread_blocked, id=26829, stack(0x00007f5b1c4c6000,0x00007f5b1c5c7000)]
  0x00007f5b4834a000 JavaThread "QuantumRenderer-0" daemon [_thread_blocked, id=26831, stack(0x00007f5b1c2c3000,0x00007f5b1c3c4000)]
  0x00007f5b484a9000 JavaThread "InvokeLaterDispatcher" daemon [_thread_blocked, id=26836, stack(0x00007f5af80bc000,0x00007f5af81bd000)]
=>0x00007f5b484a1000 JavaThread "GtkNativeMainLoopThread" [_thread_in_native, id=26837, stack(0x00007f5ac44cf000,0x00007f5ac45d0000)]

Other Threads:
  0x00007f5b4811e800 VMThread "VM Thread" [stack: 0x00007f5b1d1f9000,0x00007f5b1d2f9000] [id=26816]
  0x00007f5b482c3800 WatcherThread [stack: 0x00007f5b1c3c6000,0x00007f5b1c4c6000] [id=26830]
  0x00007f5b48039800 GCTaskThread "GC Thread#0" [stack: 0x00007f5b2fe30000,0x00007f5b2ff30000] [id=26811]
  0x00007f5b14001000 GCTaskThread "GC Thread#1" [stack: 0x00007f5b1c1c3000,0x00007f5b1c2c3000] [id=26832]
  0x00007f5b4805f000 ConcurrentGCThread "G1 Main Marker" [stack: 0x00007f5b2c2e9000,0x00007f5b2c3e9000] [id=26812]
  0x00007f5b48061000 ConcurrentGCThread "G1 Conc#0" [stack: 0x00007f5b2c1e7000,0x00007f5b2c2e7000] [id=26813]
  0x00007f5b480bd800 ConcurrentGCThread "G1 Refine#0" [stack: 0x00007f5b1dbfd000,0x00007f5b1dcfd000] [id=26814]
  0x00007f5b480bf000 ConcurrentGCThread "G1 Young RemSet Sampling" [stack: 0x00007f5b1dafb000,0x00007f5b1dbfb000] [id=26815]

Threads with active compile tasks:

VM state:not at safepoint (normal execution)

VM Mutex/Monitor currently owned by a thread: None

Heap address: 0x00000000a4a00000, size: 1462 MB, Compressed Oops mode: 32-bit
Narrow klass base: 0x0000000000000000, Narrow klass shift: 3
Compressed class space size: 1073741824 Address: 0x0000000100000000

Heap:
 garbage-first heap   total 94208K, used 6784K [0x00000000a4a00000, 0x0000000100000000)
  region size 1024K, 8 young (8192K), 2 survivors (2048K)
 Metaspace       used 9519K, capacity 9890K, committed 10112K, reserved 1058816K
  class space    used 966K, capacity 1115K, committed 1152K, reserved 1048576K
Heap Regions: E=young(eden), S=young(survivor), O=old, HS=humongous(starts), HC=humongous(continues), CS=collection set, F=free, A=archive, TAMS=top-at-mark-start (previous, next)
|   0|0x00000000a4a00000, 0x00000000a4a00000, 0x00000000a4b00000|  0%| F|  |TAMS 0x00000000a4a00000, 0x00000000a4a00000| Untracked 
|   1|0x00000000a4b00000, 0x00000000a4b00000, 0x00000000a4c00000|  0%| F|  |TAMS 0x00000000a4b00000, 0x00000000a4b00000| Untracked 
|   2|0x00000000a4c00000, 0x00000000a4c00000, 0x00000000a4d00000|  0%| F|  |TAMS 0x00000000a4c00000, 0x00000000a4c00000| Untracked 
|   3|0x00000000a4d00000, 0x00000000a4d00000, 0x00000000a4e00000|  0%| F|  |TAMS 0x00000000a4d00000, 0x00000000a4d00000| Untracked 
|   4|0x00000000a4e00000, 0x00000000a4e00000, 0x00000000a4f00000|  0%| F|  |TAMS 0x00000000a4e00000, 0x00000000a4e00000| Untracked 
|   5|0x00000000a4f00000, 0x00000000a4f00000, 0x00000000a5000000|  0%| F|  |TAMS 0x00000000a4f00000, 0x00000000a4f00000| Untracked 
|   6|0x00000000a5000000, 0x00000000a5000000, 0x00000000a5100000|  0%| F|  |TAMS 0x00000000a5000000, 0x00000000a5000000| Untracked 
|   7|0x00000000a5100000, 0x00000000a5100000, 0x00000000a5200000|  0%| F|  |TAMS 0x00000000a5100000, 0x00000000a5100000| Untracked 
|   8|0x00000000a5200000, 0x00000000a5200000, 0x00000000a5300000|  0%| F|  |TAMS 0x00000000a5200000, 0x00000000a5200000| Untracked 
|   9|0x00000000a5300000, 0x00000000a5300000, 0x00000000a5400000|  0%| F|  |TAMS 0x00000000a5300000, 0x00000000a5300000| Untracked 
|  10|0x00000000a5400000, 0x00000000a5400000, 0x00000000a5500000|  0%| F|  |TAMS 0x00000000a5400000, 0x00000000a5400000| Untracked 
|  11|0x00000000a5500000, 0x00000000a5500000, 0x00000000a5600000|  0%| F|  |TAMS 0x00000000a5500000, 0x00000000a5500000| Untracked 
|  12|0x00000000a5600000, 0x00000000a5600000, 0x00000000a5700000|  0%| F|  |TAMS 0x00000000a5600000, 0x00000000a5600000| Untracked 
|  13|0x00000000a5700000, 0x00000000a5700000, 0x00000000a5800000|  0%| F|  |TAMS 0x00000000a5700000, 0x00000000a5700000| Untracked 
|  14|0x00000000a5800000, 0x00000000a5800000, 0x00000000a5900000|  0%| F|  |TAMS 0x00000000a5800000, 0x00000000a5800000| Untracked 
|  15|0x00000000a5900000, 0x00000000a5900000, 0x00000000a5a00000|  0%| F|  |TAMS 0x00000000a5900000, 0x00000000a5900000| Untracked 
|  16|0x00000000a5a00000, 0x00000000a5a00000, 0x00000000a5b00000|  0%| F|  |TAMS 0x00000000a5a00000, 0x00000000a5a00000| Untracked 
|  17|0x00000000a5b00000, 0x00000000a5b00000, 0x00000000a5c00000|  0%| F|  |TAMS 0x00000000a5b00000, 0x00000000a5b00000| Untracked 
|  18|0x00000000a5c00000, 0x00000000a5c00000, 0x00000000a5d00000|  0%| F|  |TAMS 0x00000000a5c00000, 0x00000000a5c00000| Untracked 
|  19|0x00000000a5d00000, 0x00000000a5d00000, 0x00000000a5e00000|  0%| F|  |TAMS 0x00000000a5d00000, 0x00000000a5d00000| Untracked 
|  20|0x00000000a5e00000, 0x00000000a5e00000, 0x00000000a5f00000|  0%| F|  |TAMS 0x00000000a5e00000, 0x00000000a5e00000| Untracked 
|  21|0x00000000a5f00000, 0x00000000a5f00000, 0x00000000a6000000|  0%| F|  |TAMS 0x00000000a5f00000, 0x00000000a5f00000| Untracked 
|  22|0x00000000a6000000, 0x00000000a6000000, 0x00000000a6100000|  0%| F|  |TAMS 0x00000000a6000000, 0x00000000a6000000| Untracked 
|  23|0x00000000a6100000, 0x00000000a6100000, 0x00000000a6200000|  0%| F|  |TAMS 0x00000000a6100000, 0x00000000a6100000| Untracked 
|  24|0x00000000a6200000, 0x00000000a6200000, 0x00000000a6300000|  0%| F|  |TAMS 0x00000000a6200000, 0x00000000a6200000| Untracked 
|  25|0x00000000a6300000, 0x00000000a6300000, 0x00000000a6400000|  0%| F|  |TAMS 0x00000000a6300000, 0x00000000a6300000| Untracked 
|  26|0x00000000a6400000, 0x00000000a6400000, 0x00000000a6500000|  0%| F|  |TAMS 0x00000000a6400000, 0x00000000a6400000| Untracked 
|  27|0x00000000a6500000, 0x00000000a6500000, 0x00000000a6600000|  0%| F|  |TAMS 0x00000000a6500000, 0x00000000a6500000| Untracked 
|  28|0x00000000a6600000, 0x00000000a6600000, 0x00000000a6700000|  0%| F|  |TAMS 0x00000000a6600000, 0x00000000a6600000| Untracked 
|  29|0x00000000a6700000, 0x00000000a6700000, 0x00000000a6800000|  0%| F|  |TAMS 0x00000000a6700000, 0x00000000a6700000| Untracked 
|  30|0x00000000a6800000, 0x00000000a6800000, 0x00000000a6900000|  0%| F|  |TAMS 0x00000000a6800000, 0x00000000a6800000| Untracked 
|  31|0x00000000a6900000, 0x00000000a6900000, 0x00000000a6a00000|  0%| F|  |TAMS 0x00000000a6900000, 0x00000000a6900000| Untracked 
|  32|0x00000000a6a00000, 0x00000000a6a00000, 0x00000000a6b00000|  0%| F|  |TAMS 0x00000000a6a00000, 0x00000000a6a00000| Untracked 
|  33|0x00000000a6b00000, 0x00000000a6b00000, 0x00000000a6c00000|  0%| F|  |TAMS 0x00000000a6b00000, 0x00000000a6b00000| Untracked 
|  34|0x00000000a6c00000, 0x00000000a6c00000, 0x00000000a6d00000|  0%| F|  |TAMS 0x00000000a6c00000, 0x00000000a6c00000| Untracked 
|  35|0x00000000a6d00000, 0x00000000a6d00000, 0x00000000a6e00000|  0%| F|  |TAMS 0x00000000a6d00000, 0x00000000a6d00000| Untracked 
|  36|0x00000000a6e00000, 0x00000000a6e00000, 0x00000000a6f00000|  0%| F|  |TAMS 0x00000000a6e00000, 0x00000000a6e00000| Untracked 
|  37|0x00000000a6f00000, 0x00000000a6f00000, 0x00000000a7000000|  0%| F|  |TAMS 0x00000000a6f00000, 0x00000000a6f00000| Untracked 
|  38|0x00000000a7000000, 0x00000000a7000000, 0x00000000a7100000|  0%| F|  |TAMS 0x00000000a7000000, 0x00000000a7000000| Untracked 
|  39|0x00000000a7100000, 0x00000000a7100000, 0x00000000a7200000|  0%| F|  |TAMS 0x00000000a7100000, 0x00000000a7100000| Untracked 
|  40|0x00000000a7200000, 0x00000000a7200000, 0x00000000a7300000|  0%| F|  |TAMS 0x00000000a7200000, 0x00000000a7200000| Untracked 
|  41|0x00000000a7300000, 0x00000000a7300000, 0x00000000a7400000|  0%| F|  |TAMS 0x00000000a7300000, 0x00000000a7300000| Untracked 
|  42|0x00000000a7400000, 0x00000000a7400000, 0x00000000a7500000|  0%| F|  |TAMS 0x00000000a7400000, 0x00000000a7400000| Untracked 
|  43|0x00000000a7500000, 0x00000000a7500000, 0x00000000a7600000|  0%| F|  |TAMS 0x00000000a7500000, 0x00000000a7500000| Untracked 
|  44|0x00000000a7600000, 0x00000000a7600000, 0x00000000a7700000|  0%| F|  |TAMS 0x00000000a7600000, 0x00000000a7600000| Untracked 
|  45|0x00000000a7700000, 0x00000000a7700000, 0x00000000a7800000|  0%| F|  |TAMS 0x00000000a7700000, 0x00000000a7700000| Untracked 
|  46|0x00000000a7800000, 0x00000000a7800000, 0x00000000a7900000|  0%| F|  |TAMS 0x00000000a7800000, 0x00000000a7800000| Untracked 
|  47|0x00000000a7900000, 0x00000000a7900000, 0x00000000a7a00000|  0%| F|  |TAMS 0x00000000a7900000, 0x00000000a7900000| Untracked 
|  48|0x00000000a7a00000, 0x00000000a7a00000, 0x00000000a7b00000|  0%| F|  |TAMS 0x00000000a7a00000, 0x00000000a7a00000| Untracked 
|  49|0x00000000a7b00000, 0x00000000a7b00000, 0x00000000a7c00000|  0%| F|  |TAMS 0x00000000a7b00000, 0x00000000a7b00000| Untracked 
|  50|0x00000000a7c00000, 0x00000000a7c00000, 0x00000000a7d00000|  0%| F|  |TAMS 0x00000000a7c00000, 0x00000000a7c00000| Untracked 
|  51|0x00000000a7d00000, 0x00000000a7d00000, 0x00000000a7e00000|  0%| F|  |TAMS 0x00000000a7d00000, 0x00000000a7d00000| Untracked 
|  52|0x00000000a7e00000, 0x00000000a7e00000, 0x00000000a7f00000|  0%| F|  |TAMS 0x00000000a7e00000, 0x00000000a7e00000| Untracked 
|  53|0x00000000a7f00000, 0x00000000a7f00000, 0x00000000a8000000|  0%| F|  |TAMS 0x00000000a7f00000, 0x00000000a7f00000| Untracked 
|  54|0x00000000a8000000, 0x00000000a8000000, 0x00000000a8100000|  0%| F|  |TAMS 0x00000000a8000000, 0x00000000a8000000| Untracked 
|  55|0x00000000a8100000, 0x00000000a8100000, 0x00000000a8200000|  0%| F|  |TAMS 0x00000000a8100000, 0x00000000a8100000| Untracked 
|  56|0x00000000a8200000, 0x00000000a8200000, 0x00000000a8300000|  0%| F|  |TAMS 0x00000000a8200000, 0x00000000a8200000| Untracked 
|  57|0x00000000a8300000, 0x00000000a8300000, 0x00000000a8400000|  0%| F|  |TAMS 0x00000000a8300000, 0x00000000a8300000| Untracked 
|  58|0x00000000a8400000, 0x00000000a8400000, 0x00000000a8500000|  0%| F|  |TAMS 0x00000000a8400000, 0x00000000a8400000| Untracked 
|  59|0x00000000a8500000, 0x00000000a8500000, 0x00000000a8600000|  0%| F|  |TAMS 0x00000000a8500000, 0x00000000a8500000| Untracked 
|  60|0x00000000a8600000, 0x00000000a8600000, 0x00000000a8700000|  0%| F|  |TAMS 0x00000000a8600000, 0x00000000a8600000| Untracked 
|  61|0x00000000a8700000, 0x00000000a8700000, 0x00000000a8800000|  0%| F|  |TAMS 0x00000000a8700000, 0x00000000a8700000| Untracked 
|  62|0x00000000a8800000, 0x00000000a8800000, 0x00000000a8900000|  0%| F|  |TAMS 0x00000000a8800000, 0x00000000a8800000| Untracked 
|  63|0x00000000a8900000, 0x00000000a8900000, 0x00000000a8a00000|  0%| F|  |TAMS 0x00000000a8900000, 0x00000000a8900000| Untracked 
|  64|0x00000000a8a00000, 0x00000000a8a00000, 0x00000000a8b00000|  0%| F|  |TAMS 0x00000000a8a00000, 0x00000000a8a00000| Untracked 
|  65|0x00000000a8b00000, 0x00000000a8b00000, 0x00000000a8c00000|  0%| F|  |TAMS 0x00000000a8b00000, 0x00000000a8b00000| Untracked 
|  66|0x00000000a8c00000, 0x00000000a8c00000, 0x00000000a8d00000|  0%| F|  |TAMS 0x00000000a8c00000, 0x00000000a8c00000| Untracked 
|  67|0x00000000a8d00000, 0x00000000a8d00000, 0x00000000a8e00000|  0%| F|  |TAMS 0x00000000a8d00000, 0x00000000a8d00000| Untracked 
|  68|0x00000000a8e00000, 0x00000000a8e00000, 0x00000000a8f00000|  0%| F|  |TAMS 0x00000000a8e00000, 0x00000000a8e00000| Untracked 
|  69|0x00000000a8f00000, 0x00000000a8f00000, 0x00000000a9000000|  0%| F|  |TAMS 0x00000000a8f00000, 0x00000000a8f00000| Untracked 
|  70|0x00000000a9000000, 0x00000000a9000000, 0x00000000a9100000|  0%| F|  |TAMS 0x00000000a9000000, 0x00000000a9000000| Untracked 
|  71|0x00000000a9100000, 0x00000000a9100000, 0x00000000a9200000|  0%| F|  |TAMS 0x00000000a9100000, 0x00000000a9100000| Untracked 
|  72|0x00000000a9200000, 0x00000000a9200000, 0x00000000a9300000|  0%| F|  |TAMS 0x00000000a9200000, 0x00000000a9200000| Untracked 
|  73|0x00000000a9300000, 0x00000000a9300000, 0x00000000a9400000|  0%| F|  |TAMS 0x00000000a9300000, 0x00000000a9300000| Untracked 
|  74|0x00000000a9400000, 0x00000000a9400000, 0x00000000a9500000|  0%| F|  |TAMS 0x00000000a9400000, 0x00000000a9400000| Untracked 
|  75|0x00000000a9500000, 0x00000000a9500000, 0x00000000a9600000|  0%| F|  |TAMS 0x00000000a9500000, 0x00000000a9500000| Untracked 
|  76|0x00000000a9600000, 0x00000000a96a0030, 0x00000000a9700000| 62%| S|CS|TAMS 0x00000000a9600000, 0x00000000a9600000| Complete 
|  77|0x00000000a9700000, 0x00000000a9800000, 0x00000000a9800000|100%| S|CS|TAMS 0x00000000a9700000, 0x00000000a9700000| Complete 
|  78|0x00000000a9800000, 0x00000000a9800000, 0x00000000a9900000|  0%| F|  |TAMS 0x00000000a9800000, 0x00000000a9800000| Untracked 
|  79|0x00000000a9900000, 0x00000000a9900000, 0x00000000a9a00000|  0%| F|  |TAMS 0x00000000a9900000, 0x00000000a9900000| Untracked 
|  80|0x00000000a9a00000, 0x00000000a9a00000, 0x00000000a9b00000|  0%| F|  |TAMS 0x00000000a9a00000, 0x00000000a9a00000| Untracked 
|  81|0x00000000a9b00000, 0x00000000a9b00000, 0x00000000a9c00000|  0%| F|  |TAMS 0x00000000a9b00000, 0x00000000a9b00000| Untracked 
|  82|0x00000000a9c00000, 0x00000000a9c00000, 0x00000000a9d00000|  0%| F|  |TAMS 0x00000000a9c00000, 0x00000000a9c00000| Untracked 
|  83|0x00000000a9d00000, 0x00000000a9d00000, 0x00000000a9e00000|  0%| F|  |TAMS 0x00000000a9d00000, 0x00000000a9d00000| Untracked 
|  84|0x00000000a9e00000, 0x00000000a9e00000, 0x00000000a9f00000|  0%| F|  |TAMS 0x00000000a9e00000, 0x00000000a9e00000| Untracked 
|  85|0x00000000a9f00000, 0x00000000a9f00000, 0x00000000aa000000|  0%| F|  |TAMS 0x00000000a9f00000, 0x00000000a9f00000| Untracked 
|  86|0x00000000aa000000, 0x00000000aa100000, 0x00000000aa100000|100%| E|  |TAMS 0x00000000aa000000, 0x00000000aa000000| Complete 
|  87|0x00000000aa100000, 0x00000000aa200000, 0x00000000aa200000|100%| E|CS|TAMS 0x00000000aa100000, 0x00000000aa100000| Complete 
|  88|0x00000000aa200000, 0x00000000aa300000, 0x00000000aa300000|100%| E|CS|TAMS 0x00000000aa200000, 0x00000000aa200000| Complete 
|  89|0x00000000aa300000, 0x00000000aa400000, 0x00000000aa400000|100%| E|CS|TAMS 0x00000000aa300000, 0x00000000aa300000| Complete 
|  90|0x00000000aa400000, 0x00000000aa500000, 0x00000000aa500000|100%| E|CS|TAMS 0x00000000aa400000, 0x00000000aa400000| Complete 
|  91|0x00000000aa500000, 0x00000000aa600000, 0x00000000aa600000|100%| E|CS|TAMS 0x00000000aa500000, 0x00000000aa500000| Complete 

Card table byte_map: [0x00007f5b2f474000,0x00007f5b2f74f000] _byte_map_base: 0x00007f5b2ef4f000

Marking Bits (Prev, Next): (CMBitMap*) 0x00007f5b48058978, (CMBitMap*) 0x00007f5b480589b0
 Prev Bits: [0x00007f5b2dac1000, 0x00007f5b2f199000)
 Next Bits: [0x00007f5b2c3e9000, 0x00007f5b2dac1000)

Polling page: 0x00007f5b4f0a8000

Metaspace:

Usage:
  Non-class:      8,57 MB capacity,     8,35 MB ( 97%) used,   190,16 KB (  2%) free+waste,    31,50 KB ( <1%) overhead. 
      Class:      1,09 MB capacity,   966,38 KB ( 87%) used,   132,43 KB ( 12%) free+waste,    16,19 KB (  1%) overhead. 
       Both:      9,66 MB capacity,     9,30 MB ( 96%) used,   322,59 KB (  3%) free+waste,    47,69 KB ( <1%) overhead. 

Virtual space:
  Non-class space:       10,00 MB reserved,       8,75 MB ( 88%) committed 
      Class space:        1,00 GB reserved,       1,12 MB ( <1%) committed 
             Both:        1,01 GB reserved,       9,88 MB ( <1%) committed 

Chunk freelists:
   Non-Class:  128 bytes
       Class:  640 bytes
        Both:  768 bytes

CodeHeap 'non-profiled nmethods': size=120032Kb used=346Kb max_used=346Kb free=119685Kb
 bounds [0x00007f5b37ae3000, 0x00007f5b37d53000, 0x00007f5b3f01b000]
CodeHeap 'profiled nmethods': size=120032Kb used=1343Kb max_used=1343Kb free=118688Kb
 bounds [0x00007f5b305ab000, 0x00007f5b3081b000, 0x00007f5b37ae3000]
CodeHeap 'non-nmethods': size=5696Kb used=1111Kb max_used=1140Kb free=4584Kb
 bounds [0x00007f5b3001b000, 0x00007f5b3028b000, 0x00007f5b305ab000]
 total_blobs=1541 nmethods=891 adapters=351
 compilation: enabled
              stopped_count=0, restarted_count=0
 full_count=0

Compilation events (10 events):
Event: 0,689 Thread 0x00007f5b4813e800  886       3       jdk.internal.ref.CleanerFactory::cleaner (4 bytes)
Event: 0,689 Thread 0x00007f5b4813e800 nmethod 886 0x00007f5b306fa590 code [0x00007f5b306fa740, 0x00007f5b306fa890]
Event: 0,699 Thread 0x00007f5af00d2800 nmethod 876 0x00007f5b37b2ec90 code [0x00007f5b37b2ee40, 0x00007f5b37b2fb08]
Event: 0,699 Thread 0x00007f5af00d2800  877       4       sun.security.provider.ByteArrayAccess::b2iLittle64 (614 bytes)
Event: 0,702 Thread 0x00007f5af00d2800 nmethod 877 0x00007f5b37b2fc90 code [0x00007f5b37b2fe20, 0x00007f5b37b30038]
Event: 0,702 Thread 0x00007f5af00d2800  879       4       jdk.internal.module.Checks::isPackageName (5 bytes)
Event: 0,711 Thread 0x00007f5b4813c800 nmethod 785 0x00007f5b37b30190 code [0x00007f5b37b30580, 0x00007f5b37b34b20]
Event: 0,752 Thread 0x00007f5af00d2800 nmethod 879 0x00007f5b37b36610 code [0x00007f5b37b36860, 0x00007f5b37b38398]
Event: 0,826 Thread 0x00007f5b4813e800  891       3       java.lang.invoke.MethodHandles$Lookup::<init> (15 bytes)
Event: 0,827 Thread 0x00007f5b4813e800 nmethod 891 0x00007f5b306fa910 code [0x00007f5b306faac0, 0x00007f5b306facd0]

GC Heap History (2 events):
Event: 0,443 GC heap before
{Heap before GC invocations=0 (full 0):
 garbage-first heap   total 94208K, used 13312K [0x00000000a4a00000, 0x0000000100000000)
  region size 1024K, 14 young (14336K), 0 survivors (0K)
 Metaspace       used 8141K, capacity 8403K, committed 8576K, reserved 1056768K
  class space    used 784K, capacity 870K, committed 896K, reserved 1048576K
}
Event: 0,446 GC heap after
{Heap after GC invocations=1 (full 0):
 garbage-first heap   total 94208K, used 1664K [0x00000000a4a00000, 0x0000000100000000)
  region size 1024K, 2 young (2048K), 2 survivors (2048K)
 Metaspace       used 8141K, capacity 8403K, committed 8576K, reserved 1056768K
  class space    used 784K, capacity 870K, committed 896K, reserved 1048576K
}

Deoptimization events (7 events):
Event: 0,204 Thread 0x00007f5b48012000 Uncommon trap: reason=unstable_if action=reinterpret pc=0x00007f5b37af051c method=java.lang.CharacterDataLatin1.isJavaIdentifierPart(I)Z @ 11 c2
Event: 0,260 Thread 0x00007f5b48012000 Uncommon trap: reason=unstable_if action=reinterpret pc=0x00007f5b37af678c method=java.util.ImmutableCollections$SetN.probe(Ljava/lang/Object;)I @ 34 c2
Event: 0,317 Thread 0x00007f5b48012000 Uncommon trap: reason=unstable_if action=reinterpret pc=0x00007f5b37af8cec method=java.lang.String.substring(II)Ljava/lang/String; @ 22 c2
Event: 0,321 Thread 0x00007f5b48012000 Uncommon trap: reason=unstable_if action=reinterpret pc=0x00007f5b37af1588 method=java.lang.StringCoding.hasNegatives([BII)Z @ 12 c2
Event: 0,531 Thread 0x00007f5b4834a000 Uncommon trap: reason=unstable_if action=reinterpret pc=0x00007f5b37b04b48 method=jdk.internal.module.Checks.isJavaIdentifier(Ljava/lang/CharSequence;)Z @ 6 c2
Event: 0,538 Thread 0x00007f5b4834a000 Uncommon trap: reason=unstable_if action=reinterpret pc=0x00007f5b37af982c method=java.lang.String.startsWith(Ljava/lang/String;I)Z @ 1 c2
Event: 0,557 Thread 0x00007f5b4834a000 Uncommon trap: reason=unstable_if action=reinterpret pc=0x00007f5b37af558c method=jdk.internal.module.Checks.isJavaIdentifier(Ljava/lang/CharSequence;)Z @ 6 c2

Classes redefined (0 events):
No events

Internal exceptions (10 events):
Event: 0,389 Thread 0x00007f5b48012000 Exception <a 'java/lang/NoSuchMethodError'{0x00000000a9912450}: java.lang.invoke.DirectMethodHandle$Holder.invokeStatic(Ljava/lang/Object;Ljava/lang/Object;Ljava/lang/Object;Ljava/lang/Object;Ljava/lang/Object;Ljava/lang/Object;Ljava/lang/Object;Ljava/lan
Event: 0,513 Thread 0x00007f5b4834a000 Exception <a 'java/lang/NoSuchMethodError'{0x00000000aa336a90}: java.lang.invoke.DirectMethodHandle$Holder.invokeStatic(Ljava/lang/Object;Ljava/lang/Object;Ljava/lang/Object;Ljava/lang/Object;Ljava/lang/Object;Ljava/lang/Object;Ljava/lang/Object;Ljava/lan
Event: 0,517 Thread 0x00007f5b4834a000 Exception <a 'java/lang/NoSuchMethodError'{0x00000000aa354988}: java.lang.invoke.DirectMethodHandle$Holder.invokeStatic(Ljava/lang/Object;Ljava/lang/Object;Ljava/lang/Object;Ljava/lang/Object;Ljava/lang/Object;Ljava/lang/Object;Ljava/lang/Object;Ljava/lan
Event: 0,519 Thread 0x00007f5b4834a000 Exception <a 'java/lang/NoSuchMethodError'{0x00000000aa373710}: java.lang.invoke.DirectMethodHandle$Holder.invokeStatic(Ljava/lang/Object;Ljava/lang/Object;Ljava/lang/Object;Ljava/lang/Object;Ljava/lang/Object;Ljava/lang/Object;Ljava/lang/Object;Ljava/lan
Event: 0,523 Thread 0x00007f5b4834a000 Exception <a 'java/lang/NoSuchMethodError'{0x00000000aa393d70}: java.lang.invoke.DirectMethodHandle$Holder.invokeStatic(Ljava/lang/Object;Ljava/lang/Object;Ljava/lang/Object;Ljava/lang/Object;Ljava/lang/Object;Ljava/lang/Object;Ljava/lang/Object;Ljava/lan
Event: 0,626 Thread 0x00007f5b48012000 Exception <a 'java/lang/NoSuchMethodError'{0x00000000aa518ea8}: java.lang.invoke.DirectMethodHandle$Holder.invokeStaticInit(Ljava/lang/Object;Ljava/lang/Object;Ljava/lang/Object;)I> (0x00000000aa518ea8) thrown at [/scratch/opt/mach5/mesos/work_dir/slaves/
Event: 0,629 Thread 0x00007f5b48012000 Exception <a 'java/lang/NoSuchMethodError'{0x00000000aa524870}: java.lang.invoke.DirectMethodHandle$Holder.invokeSpecial(Ljava/lang/Object;Ljava/lang/Object;)V> (0x00000000aa524870) thrown at [/scratch/opt/mach5/mesos/work_dir/slaves/83bb4d84-382c-4ead-b5
Event: 0,824 Thread 0x00007f5b48012000 Exception <a 'java/lang/NoSuchMethodError'{0x00000000aa17d8a8}: java.lang.invoke.DirectMethodHandle$Holder.invokeStatic(Ljava/lang/Object;Ljava/lang/Object;Ljava/lang/Object;I)Ljava/lang/Object;> (0x00000000aa17d8a8) thrown at [/scratch/opt/mach5/mesos/wo
Event: 0,824 Thread 0x00007f5b48012000 Exception <a 'java/lang/NoSuchMethodError'{0x00000000aa181520}: java.lang.invoke.DirectMethodHandle$Holder.invokeSpecial(Ljava/lang/Object;Ljava/lang/Object;Ljava/lang/Object;Ljava/lang/Object;I)Ljava/lang/Object;> (0x00000000aa181520) thrown at [/scratch
Event: 0,824 Thread 0x00007f5b48012000 Exception <a 'java/lang/NoSuchMethodError'{0x00000000aa1849b0}: java.lang.invoke.Invokers$Holder.linkToTargetMethod(Ljava/lang/Object;Ljava/lang/Object;ILjava/lang/Object;)Ljava/lang/Object;> (0x00000000aa1849b0) thrown at [/scratch/opt/mach5/mesos/work_d

Events (10 events):
Event: 0,821 loading class java/util/concurrent/BlockingDeque
Event: 0,821 loading class java/util/concurrent/BlockingDeque done
Event: 0,821 loading class java/util/concurrent/LinkedBlockingDeque
Event: 0,822 loading class java/util/concurrent/LinkedBlockingDeque done
Event: 0,822 Thread 0x00007f5b484a9000 Thread added: 0x00007f5b484a9000
Event: 0,823 loading class com/sun/glass/ui/gtk/GtkApplication
Event: 0,823 loading class com/sun/glass/ui/gtk/GtkApplication done
Event: 0,825 loading class com/sun/glass/ui/gtk/GtkApplication
Event: 0,825 loading class com/sun/glass/ui/gtk/GtkApplication done
Event: 0,825 Thread 0x00007f5b484a1000 Thread added: 0x00007f5b484a1000


Dynamic libraries:
00400000-00401000 r-xp 00000000 fd:00 353252                             /home/alexandrebis-x220/java/jdk-11.0.1/bin/java
00600000-00601000 r--p 00000000 fd:00 353252                             /home/alexandrebis-x220/java/jdk-11.0.1/bin/java
00601000-00602000 rw-p 00001000 fd:00 353252                             /home/alexandrebis-x220/java/jdk-11.0.1/bin/java
0061f000-00640000 rw-p 00000000 00:00 0                                  [heap]
a4a00000-aa600000 rw-p 00000000 00:00 0 
aa600000-100000000 ---p 00000000 00:00 0 
100000000-100120000 rw-p 00000000 00:00 0 
100120000-140000000 ---p 00000000 00:00 0 
7f5ab0000000-7f5ab0021000 rw-p 00000000 00:00 0 
7f5ab0021000-7f5ab4000000 ---p 00000000 00:00 0 
7f5ab4000000-7f5ab4021000 rw-p 00000000 00:00 0 
7f5ab4021000-7f5ab8000000 ---p 00000000 00:00 0 
7f5ab8000000-7f5ab8021000 rw-p 00000000 00:00 0 
7f5ab8021000-7f5abc000000 ---p 00000000 00:00 0 
7f5abc000000-7f5abc021000 rw-p 00000000 00:00 0 
7f5abc021000-7f5ac0000000 ---p 00000000 00:00 0 
7f5ac0000000-7f5ac0030000 rw-p 00000000 00:00 0 
7f5ac0030000-7f5ac4000000 ---p 00000000 00:00 0 
7f5ac44cf000-7f5ac44d3000 ---p 00000000 00:00 0 
7f5ac44d3000-7f5ac45d0000 rw-p 00000000 00:00 0 
7f5ac45d0000-7f5ac45d1000 ---p 00000000 00:00 0 
7f5ac45d1000-7f5ac4dd1000 rw-p 00000000 00:00 0 
7f5ac4dd1000-7f5ac4dd2000 ---p 00000000 00:00 0 
7f5ac4dd2000-7f5ac55d2000 rw-p 00000000 00:00 0 
7f5ac55d2000-7f5ac55d3000 ---p 00000000 00:00 0 
7f5ac55d3000-7f5ac5dd3000 rw-p 00000000 00:00 0 
7f5ac5dd3000-7f5ac5ddf000 r-xp 00000000 fd:00 547757                     /usr/lib64/gio/modules/libdconfsettings.so
7f5ac5ddf000-7f5ac5fde000 ---p 0000c000 fd:00 547757                     /usr/lib64/gio/modules/libdconfsettings.so
7f5ac5fde000-7f5ac5fdf000 r--p 0000b000 fd:00 547757                     /usr/lib64/gio/modules/libdconfsettings.so
7f5ac5fdf000-7f5ac5fe0000 rw-p 00000000 00:00 0 
7f5ac5fe0000-7f5ac5fe5000 r-xp 00000000 fd:00 145103                     /usr/lib64/libXtst.so.6.1.0
7f5ac5fe5000-7f5ac61e4000 ---p 00005000 fd:00 145103                     /usr/lib64/libXtst.so.6.1.0
7f5ac61e4000-7f5ac61e5000 r--p 00004000 fd:00 145103                     /usr/lib64/libXtst.so.6.1.0
7f5ac61e5000-7f5ac61e6000 rw-p 00005000 fd:00 145103                     /usr/lib64/libXtst.so.6.1.0
7f5ac61e6000-7f5ac61e7000 r-xp 00000000 fd:00 175052                     /usr/lib64/libgthread-2.0.so.0.5600.3
7f5ac61e7000-7f5ac63e6000 ---p 00001000 fd:00 175052                     /usr/lib64/libgthread-2.0.so.0.5600.3
7f5ac63e6000-7f5ac63e7000 r--p 00000000 fd:00 175052                     /usr/lib64/libgthread-2.0.so.0.5600.3
7f5ac63e7000-7f5ac63e8000 rw-p 00000000 00:00 0 
7f5ac63e8000-7f5ac642b000 r-xp 00000000 fd:00 353784                     /home/alexandrebis-x220/.openjfx/cache/11/libglassgtk3.so
7f5ac642b000-7f5ac662b000 ---p 00043000 fd:00 353784                     /home/alexandrebis-x220/.openjfx/cache/11/libglassgtk3.so
7f5ac662b000-7f5ac662d000 r--p 00043000 fd:00 353784                     /home/alexandrebis-x220/.openjfx/cache/11/libglassgtk3.so
7f5ac662d000-7f5ac662e000 rw-p 00045000 fd:00 353784                     /home/alexandrebis-x220/.openjfx/cache/11/libglassgtk3.so
7f5ac662e000-7f5ac662f000 rw-p 00000000 00:00 0 
7f5ac662f000-7f5ac664e000 r-xp 00000000 fd:00 155154                     /usr/lib64/libgpg-error.so.0.24.2
7f5ac664e000-7f5ac684d000 ---p 0001f000 fd:00 155154                     /usr/lib64/libgpg-error.so.0.24.2
7f5ac684d000-7f5ac684e000 r--p 0001e000 fd:00 155154                     /usr/lib64/libgpg-error.so.0.24.2
7f5ac684e000-7f5ac684f000 rw-p 0001f000 fd:00 155154                     /usr/lib64/libgpg-error.so.0.24.2
7f5ac684f000-7f5ac6964000 r-xp 00000000 fd:00 146749                     /usr/lib64/libgcrypt.so.20.2.3
7f5ac6964000-7f5ac6b63000 ---p 00115000 fd:00 146749                     /usr/lib64/libgcrypt.so.20.2.3
7f5ac6b63000-7f5ac6b65000 r--p 00114000 fd:00 146749                     /usr/lib64/libgcrypt.so.20.2.3
7f5ac6b65000-7f5ac6b6a000 rw-p 00116000 fd:00 146749                     /usr/lib64/libgcrypt.so.20.2.3
7f5ac6b6a000-7f5ac6b6e000 r-xp 00000000 fd:00 145192                     /usr/lib64/libcap.so.2.25
7f5ac6b6e000-7f5ac6d6d000 ---p 00004000 fd:00 145192                     /usr/lib64/libcap.so.2.25
7f5ac6d6d000-7f5ac6d6e000 r--p 00003000 fd:00 145192                     /usr/lib64/libcap.so.2.25
7f5ac6d6e000-7f5ac6d6f000 rw-p 00004000 fd:00 145192                     /usr/lib64/libcap.so.2.25
7f5ac6d6f000-7f5ac6d85000 r-xp 00000000 fd:00 145586                     /usr/lib64/liblz4.so.1.8.1
7f5ac6d85000-7f5ac6f84000 ---p 00016000 fd:00 145586                     /usr/lib64/liblz4.so.1.8.1
7f5ac6f84000-7f5ac6f85000 r--p 00015000 fd:00 145586                     /usr/lib64/liblz4.so.1.8.1
7f5ac6f85000-7f5ac6f86000 rw-p 00000000 00:00 0 
7f5ac6f86000-7f5ac6fab000 r-xp 00000000 fd:00 145587                     /usr/lib64/liblzma.so.5.2.4
7f5ac6fab000-7f5ac71ab000 ---p 00025000 fd:00 145587                     /usr/lib64/liblzma.so.5.2.4
7f5ac71ab000-7f5ac71ac000 r--p 00025000 fd:00 145587                     /usr/lib64/liblzma.so.5.2.4
7f5ac71ac000-7f5ac71ad000 rw-p 00000000 00:00 0 
7f5ac71ad000-7f5ac71f8000 r-xp 00000000 fd:00 133585                     /usr/lib64/libblkid.so.1.1.0
7f5ac71f8000-7f5ac73f7000 ---p 0004b000 fd:00 133585                     /usr/lib64/libblkid.so.1.1.0
7f5ac73f7000-7f5ac73fc000 r--p 0004a000 fd:00 133585                     /usr/lib64/libblkid.so.1.1.0
7f5ac73fc000-7f5ac73fd000 rw-p 0004f000 fd:00 133585                     /usr/lib64/libblkid.so.1.1.0
7f5ac73fd000-7f5ac73fe000 rw-p 00000000 00:00 0 
7f5ac73fe000-7f5ac7404000 r-xp 00000000 fd:00 145248                     /usr/lib64/libdatrie.so.1.3.2
7f5ac7404000-7f5ac7603000 ---p 00006000 fd:00 145248                     /usr/lib64/libdatrie.so.1.3.2
7f5ac7603000-7f5ac7604000 r--p 00005000 fd:00 145248                     /usr/lib64/libdatrie.so.1.3.2
7f5ac7604000-7f5ac7605000 rw-p 00000000 00:00 0 
7f5ac7605000-7f5ac762f000 r-xp 00000000 fd:00 145419                     /usr/lib64/libgraphite2.so.3.0.1
7f5ac762f000-7f5ac782e000 ---p 0002a000 fd:00 145419                     /usr/lib64/libgraphite2.so.3.0.1
7f5ac782e000-7f5ac7830000 r--p 00029000 fd:00 145419                     /usr/lib64/libgraphite2.so.3.0.1
7f5ac7830000-7f5ac7831000 rw-p 00000000 00:00 0 
7f5ac7831000-7f5ac78ca000 r-xp 00000000 fd:00 133634                     /usr/lib64/libsystemd.so.0.22.0
7f5ac78ca000-7f5ac7ac9000 ---p 00099000 fd:00 133634                     /usr/lib64/libsystemd.so.0.22.0
7f5ac7ac9000-7f5ac7acc000 r--p 00098000 fd:00 133634                     /usr/lib64/libsystemd.so.0.22.0
7f5ac7acc000-7f5ac7acd000 rw-p 0009b000 fd:00 133634                     /usr/lib64/libsystemd.so.0.22.0
7f5ac7acd000-7f5ac7ace000 rw-p 00000000 00:00 0 
7f5ac7ace000-7f5ac7ade000 r-xp 00000000 fd:00 145180                     /usr/lib64/libbz2.so.1.0.6
7f5ac7ade000-7f5ac7cdd000 ---p 00010000 fd:00 145180                     /usr/lib64/libbz2.so.1.0.6
7f5ac7cdd000-7f5ac7cde000 r--p 0000f000 fd:00 145180                     /usr/lib64/libbz2.so.1.0.6
7f5ac7cde000-7f5ac7cdf000 rw-p 00010000 fd:00 145180                     /usr/lib64/libbz2.so.1.0.6
7f5ac7cdf000-7f5ac7d35000 r-xp 00000000 fd:00 133612                     /usr/lib64/libmount.so.1.1.0
7f5ac7d35000-7f5ac7f34000 ---p 00056000 fd:00 133612                     /usr/lib64/libmount.so.1.1.0
7f5ac7f34000-7f5ac7f37000 r--p 00055000 fd:00 133612                     /usr/lib64/libmount.so.1.1.0
7f5ac7f37000-7f5ac7f38000 rw-p 00058000 fd:00 133612                     /usr/lib64/libmount.so.1.1.0
7f5ac7f38000-7f5ac7f39000 rw-p 00000000 00:00 0 
7f5ac7f39000-7f5ac7f4c000 r-xp 00000000 fd:00 156540                     /usr/lib64/libresolv-2.27.so
7f5ac7f4c000-7f5ac814c000 ---p 00013000 fd:00 156540                     /usr/lib64/libresolv-2.27.so
7f5ac814c000-7f5ac814d000 r--p 00013000 fd:00 156540                     /usr/lib64/libresolv-2.27.so
7f5ac814d000-7f5ac814e000 rw-p 00014000 fd:00 156540                     /usr/lib64/libresolv-2.27.so
7f5ac814e000-7f5ac8150000 rw-p 00000000 00:00 0 
7f5ac8150000-7f5ac8156000 r-xp 00000000 fd:00 133580                     /usr/lib64/libuuid.so.1.3.0
7f5ac8156000-7f5ac8355000 ---p 00006000 fd:00 133580                     /usr/lib64/libuuid.so.1.3.0
7f5ac8355000-7f5ac8356000 r--p 00005000 fd:00 133580                     /usr/lib64/libuuid.so.1.3.0
7f5ac8356000-7f5ac8357000 rw-p 00000000 00:00 0 
7f5ac8357000-7f5ac8372000 r-xp 00000000 fd:00 131186                     /usr/lib64/libfribidi.so.0.4.0
7f5ac8372000-7f5ac8571000 ---p 0001b000 fd:00 131186                     /usr/lib64/libfribidi.so.0.4.0
7f5ac8571000-7f5ac8572000 r--p 0001a000 fd:00 131186                     /usr/lib64/libfribidi.so.0.4.0
7f5ac8572000-7f5ac8573000 rw-p 0001b000 fd:00 131186                     /usr/lib64/libfribidi.so.0.4.0
7f5ac8573000-7f5ac857b000 r-xp 00000000 fd:00 153911                     /usr/lib64/libthai.so.0.3.1
7f5ac857b000-7f5ac877b000 ---p 00008000 fd:00 153911                     /usr/lib64/libthai.so.0.3.1
7f5ac877b000-7f5ac877c000 r--p 00008000 fd:00 153911                     /usr/lib64/libthai.so.0.3.1
7f5ac877c000-7f5ac877d000 rw-p 00009000 fd:00 153911                     /usr/lib64/libthai.so.0.3.1
7f5ac877d000-7f5ac881f000 r-xp 00000000 fd:00 145488                     /usr/lib64/libharfbuzz.so.0.10705.0
7f5ac881f000-7f5ac8a1f000 ---p 000a2000 fd:00 145488                     /usr/lib64/libharfbuzz.so.0.10705.0
7f5ac8a1f000-7f5ac8a21000 r--p 000a2000 fd:00 145488                     /usr/lib64/libharfbuzz.so.0.10705.0
7f5ac8a21000-7f5ac8a22000 rw-p 000a4000 fd:00 145488                     /usr/lib64/libharfbuzz.so.0.10705.0
7f5ac8a22000-7f5ac8a29000 r-xp 00000000 fd:00 145326                     /usr/lib64/libffi.so.6.0.2
7f5ac8a29000-7f5ac8c29000 ---p 00007000 fd:00 145326                     /usr/lib64/libffi.so.6.0.2
7f5ac8c29000-7f5ac8c2a000 r--p 00007000 fd:00 145326                     /usr/lib64/libffi.so.6.0.2
7f5ac8c2a000-7f5ac8c2b000 rw-p 00008000 fd:00 145326                     /usr/lib64/libffi.so.6.0.2
7f5ac8c2b000-7f5ac8c7b000 r-xp 00000000 fd:00 144282                     /usr/lib64/libdbus-1.so.3.19.8
7f5ac8c7b000-7f5ac8e7a000 ---p 00050000 fd:00 144282                     /usr/lib64/libdbus-1.so.3.19.8
7f5ac8e7a000-7f5ac8e7c000 r--p 0004f000 fd:00 144282                     /usr/lib64/libdbus-1.so.3.19.8
7f5ac8e7c000-7f5ac8e7d000 rw-p 00051000 fd:00 144282                     /usr/lib64/libdbus-1.so.3.19.8
7f5ac8e7d000-7f5ac8eab000 r-xp 00000000 fd:00 146509                     /usr/lib64/libatspi.so.0.0.1
7f5ac8eab000-7f5ac90aa000 ---p 0002e000 fd:00 146509                     /usr/lib64/libatspi.so.0.0.1
7f5ac90aa000-7f5ac90ae000 r--p 0002d000 fd:00 146509                     /usr/lib64/libatspi.so.0.0.1
7f5ac90ae000-7f5ac90af000 rw-p 00031000 fd:00 146509                     /usr/lib64/libatspi.so.0.0.1
7f5ac90af000-7f5ac90b8000 r-xp 00000000 fd:00 145101                     /usr/lib64/libXrender.so.1.3.0
7f5ac90b8000-7f5ac92b8000 ---p 00009000 fd:00 145101                     /usr/lib64/libXrender.so.1.3.0
7f5ac92b8000-7f5ac92b9000 r--p 00009000 fd:00 145101                     /usr/lib64/libXrender.so.1.3.0
7f5ac92b9000-7f5ac92ba000 rw-p 0000a000 fd:00 145101                     /usr/lib64/libXrender.so.1.3.0
7f5ac92ba000-7f5ac92c6000 r-xp 00000000 fd:00 145973                     /usr/lib64/libxcb-render.so.0.0.0
7f5ac92c6000-7f5ac94c6000 ---p 0000c000 fd:00 145973                     /usr/lib64/libxcb-render.so.0.0.0
7f5ac94c6000-7f5ac94c7000 r--p 0000c000 fd:00 145973                     /usr/lib64/libxcb-render.so.0.0.0
7f5ac94c7000-7f5ac94c8000 rw-p 0000d000 fd:00 145973                     /usr/lib64/libxcb-render.so.0.0.0
7f5ac94c8000-7f5ac94ca000 r-xp 00000000 fd:00 145977                     /usr/lib64/libxcb-shm.so.0.0.0
7f5ac94ca000-7f5ac96ca000 ---p 00002000 fd:00 145977                     /usr/lib64/libxcb-shm.so.0.0.0
7f5ac96ca000-7f5ac96cb000 r--p 00002000 fd:00 145977                     /usr/lib64/libxcb-shm.so.0.0.0
7f5ac96cb000-7f5ac96cc000 rw-p 00003000 fd:00 145977                     /usr/lib64/libxcb-shm.so.0.0.0
7f5ac96cc000-7f5ac96ff000 r-xp 00000000 fd:00 166718                     /usr/lib64/libpng16.so.16.34.0
7f5ac96ff000-7f5ac98fe000 ---p 00033000 fd:00 166718                     /usr/lib64/libpng16.so.16.34.0
7f5ac98fe000-7f5ac98ff000 r--p 00032000 fd:00 166718                     /usr/lib64/libpng16.so.16.34.0
7f5ac98ff000-7f5ac9900000 rw-p 00000000 00:00 0 
7f5ac9900000-7f5ac999d000 r-xp 00000000 fd:00 145714                     /usr/lib64/libpixman-1.so.0.34.0
7f5ac999d000-7f5ac9b9d000 ---p 0009d000 fd:00 145714                     /usr/lib64/libpixman-1.so.0.34.0
7f5ac9b9d000-7f5ac9ba5000 r--p 0009d000 fd:00 145714                     /usr/lib64/libpixman-1.so.0.34.0
7f5ac9ba5000-7f5ac9ba6000 rw-p 000a5000 fd:00 145714                     /usr/lib64/libpixman-1.so.0.34.0
7f5ac9ba6000-7f5ac9c55000 r-xp 00000000 fd:00 168413                     /usr/lib64/libfreetype.so.6.14.0
7f5ac9c55000-7f5ac9e55000 ---p 000af000 fd:00 168413                     /usr/lib64/libfreetype.so.6.14.0
7f5ac9e55000-7f5ac9e5c000 r--p 000af000 fd:00 168413                     /usr/lib64/libfreetype.so.6.14.0
7f5ac9e5c000-7f5ac9e5d000 rw-p 00000000 00:00 0 
7f5ac9e5d000-7f5ac9ecd000 r-xp 00000000 fd:00 133599                     /usr/lib64/libpcre.so.1.2.10
7f5ac9ecd000-7f5aca0cc000 ---p 00070000 fd:00 133599                     /usr/lib64/libpcre.so.1.2.10
7f5aca0cc000-7f5aca0cd000 r--p 0006f000 fd:00 133599                     /usr/lib64/libpcre.so.1.2.10
7f5aca0cd000-7f5aca0ce000 rw-p 00070000 fd:00 133599                     /usr/lib64/libpcre.so.1.2.10
7f5aca0ce000-7f5aca0cf000 r-xp 00000000 fd:00 155318                     /usr/lib64/libwayland-egl.so.1.0.0
7f5aca0cf000-7f5aca2ce000 ---p 00001000 fd:00 155318                     /usr/lib64/libwayland-egl.so.1.0.0
7f5aca2ce000-7f5aca2cf000 r--p 00000000 fd:00 155318                     /usr/lib64/libwayland-egl.so.1.0.0
7f5aca2cf000-7f5aca2d0000 rw-p 00000000 00:00 0 
7f5aca2d0000-7f5aca2d4000 r-xp 00000000 fd:00 155375                     /usr/lib64/libwayland-cursor.so.0.0.0
7f5aca2d4000-7f5aca4d3000 ---p 00004000 fd:00 155375                     /usr/lib64/libwayland-cursor.so.0.0.0
7f5aca4d3000-7f5aca4d4000 r--p 00003000 fd:00 155375                     /usr/lib64/libwayland-cursor.so.0.0.0
7f5aca4d4000-7f5aca4d8000 rw-p 00004000 fd:00 155375                     /usr/lib64/libwayland-cursor.so.0.0.0
7f5aca4d8000-7f5aca516000 r-xp 00000000 fd:00 166704                     /usr/lib64/libxkbcommon.so.0.0.0
7f5aca516000-7f5aca715000 ---p 0003e000 fd:00 166704                     /usr/lib64/libxkbcommon.so.0.0.0
7f5aca715000-7f5aca717000 r--p 0003d000 fd:00 166704                     /usr/lib64/libxkbcommon.so.0.0.0
7f5aca717000-7f5aca718000 rw-p 00000000 00:00 0 
7f5aca718000-7f5aca71a000 r-xp 00000000 fd:00 145086                     /usr/lib64/libXcomposite.so.1.0.0
7f5aca71a000-7f5aca919000 ---p 00002000 fd:00 145086                     /usr/lib64/libXcomposite.so.1.0.0
7f5aca919000-7f5aca91a000 r--p 00001000 fd:00 145086                     /usr/lib64/libXcomposite.so.1.0.0
7f5aca91a000-7f5aca91b000 rw-p 00000000 00:00 0 
7f5aca91b000-7f5aca924000 r-xp 00000000 fd:00 155381                     /usr/lib64/libXcursor.so.1.0.2
7f5aca924000-7f5acab24000 ---p 00009000 fd:00 155381                     /usr/lib64/libXcursor.so.1.0.2
7f5acab24000-7f5acab25000 r--p 00009000 fd:00 155381                     /usr/lib64/libXcursor.so.1.0.2
7f5acab25000-7f5acab26000 rw-p 00000000 00:00 0 
7f5acab26000-7f5acab30000 r-xp 00000000 fd:00 145100                     /usr/lib64/libXrandr.so.2.2.0
7f5acab30000-7f5acad2f000 ---p 0000a000 fd:00 145100                     /usr/lib64/libXrandr.so.2.2.0
7f5acad2f000-7f5acad30000 r--p 00009000 fd:00 145100                     /usr/lib64/libXrandr.so.2.2.0
7f5acad30000-7f5acad31000 rw-p 0000a000 fd:00 145100                     /usr/lib64/libXrandr.so.2.2.0
7f5acad31000-7f5acad33000 r-xp 00000000 fd:00 145096                     /usr/lib64/libXinerama.so.1.0.0
7f5acad33000-7f5acaf32000 ---p 00002000 fd:00 145096                     /usr/lib64/libXinerama.so.1.0.0
7f5acaf32000-7f5acaf33000 r--p 00001000 fd:00 145096                     /usr/lib64/libXinerama.so.1.0.0
7f5acaf33000-7f5acaf34000 rw-p 00002000 fd:00 145096                     /usr/lib64/libXinerama.so.1.0.0
7f5acaf34000-7f5acb049000 r-xp 00000000 fd:00 175046                     /usr/lib64/libglib-2.0.so.0.5600.3
7f5acb049000-7f5acb249000 ---p 00115000 fd:00 175046                     /usr/lib64/libglib-2.0.so.0.5600.3
7f5acb249000-7f5acb24a000 r--p 00115000 fd:00 175046                     /usr/lib64/libglib-2.0.so.0.5600.3
7f5acb24a000-7f5acb24b000 rw-p 00116000 fd:00 175046                     /usr/lib64/libglib-2.0.so.0.5600.3
7f5acb24b000-7f5acb24c000 rw-p 00000000 00:00 0 
7f5acb24c000-7f5acb29d000 r-xp 00000000 fd:00 175050                     /usr/lib64/libgobject-2.0.so.0.5600.3
7f5acb29d000-7f5acb49c000 ---p 00051000 fd:00 175050                     /usr/lib64/libgobject-2.0.so.0.5600.3
7f5acb49c000-7f5acb49d000 r--p 00050000 fd:00 175050                     /usr/lib64/libgobject-2.0.so.0.5600.3
7f5acb49d000-7f5acb49e000 rw-p 00051000 fd:00 175050                     /usr/lib64/libgobject-2.0.so.0.5600.3
7f5acb49e000-7f5acb639000 r-xp 00000000 fd:00 175044                     /usr/lib64/libgio-2.0.so.0.5600.3
7f5acb639000-7f5acb839000 ---p 0019b000 fd:00 175044                     /usr/lib64/libgio-2.0.so.0.5600.3
7f5acb839000-7f5acb840000 r--p 0019b000 fd:00 175044                     /usr/lib64/libgio-2.0.so.0.5600.3
7f5acb840000-7f5acb841000 rw-p 001a2000 fd:00 175044                     /usr/lib64/libgio-2.0.so.0.5600.3
7f5acb841000-7f5acb843000 rw-p 00000000 00:00 0 
7f5acb843000-7f5acb884000 r-xp 00000000 fd:00 175087                     /usr/lib64/libfontconfig.so.1.11.1
7f5acb884000-7f5acba84000 ---p 00041000 fd:00 175087                     /usr/lib64/libfontconfig.so.1.11.1
7f5acba84000-7f5acba86000 r--p 00041000 fd:00 175087                     /usr/lib64/libfontconfig.so.1.11.1
7f5acba86000-7f5acba87000 rw-p 00043000 fd:00 175087                     /usr/lib64/libfontconfig.so.1.11.1
7f5acba87000-7f5acbacb000 r-xp 00000000 fd:00 166410                     /usr/lib64/libpango-1.0.so.0.4200.3
7f5acbacb000-7f5acbcca000 ---p 00044000 fd:00 166410                     /usr/lib64/libpango-1.0.so.0.4200.3
7f5acbcca000-7f5acbccd000 r--p 00043000 fd:00 166410                     /usr/lib64/libpango-1.0.so.0.4200.3
7f5acbccd000-7f5acbcce000 rw-p 00046000 fd:00 166410                     /usr/lib64/libpango-1.0.so.0.4200.3
7f5acbcce000-7f5acbdf2000 r-xp 00000000 fd:00 145304                     /usr/lib64/libepoxy.so.0.0.0
7f5acbdf2000-7f5acbff1000 ---p 00124000 fd:00 145304                     /usr/lib64/libepoxy.so.0.0.0
7f5acbff1000-7f5acbff9000 r--p 00123000 fd:00 145304                     /usr/lib64/libepoxy.so.0.0.0
7f5acbff9000-7f5acc000000 rw-p 0012b000 fd:00 145304                     /usr/lib64/libepoxy.so.0.0.0
7f5acc000000-7f5acc021000 rw-p 00000000 00:00 0 
7f5acc021000-7f5ad0000000 ---p 00000000 00:00 0 
7f5ad0017000-7f5ad002b000 r-xp 00000000 fd:00 166601                     /usr/lib64/libpangoft2-1.0.so.0.4200.3
7f5ad002b000-7f5ad022b000 ---p 00014000 fd:00 166601                     /usr/lib64/libpangoft2-1.0.so.0.4200.3
7f5ad022b000-7f5ad022c000 r--p 00014000 fd:00 166601                     /usr/lib64/libpangoft2-1.0.so.0.4200.3
7f5ad022c000-7f5ad022d000 rw-p 00000000 00:00 0 
7f5ad022d000-7f5ad023a000 r-xp 00000000 fd:00 155185                     /usr/lib64/libwayland-client.so.0.3.0
7f5ad023a000-7f5ad0439000 ---p 0000d000 fd:00 155185                     /usr/lib64/libwayland-client.so.0.3.0
7f5ad0439000-7f5ad043b000 r--p 0000c000 fd:00 155185                     /usr/lib64/libwayland-client.so.0.3.0
7f5ad043b000-7f5ad043c000 rw-p 0000e000 fd:00 155185                     /usr/lib64/libwayland-client.so.0.3.0
7f5ad043c000-7f5ad0469000 r-xp 00000000 fd:00 170430                     /usr/lib64/libatk-bridge-2.0.so.0.0.0
7f5ad0469000-7f5ad0669000 ---p 0002d000 fd:00 170430                     /usr/lib64/libatk-bridge-2.0.so.0.0.0
7f5ad0669000-7f5ad066a000 r--p 0002d000 fd:00 170430                     /usr/lib64/libatk-bridge-2.0.so.0.0.0
7f5ad066a000-7f5ad066b000 rw-p 0002e000 fd:00 170430                     /usr/lib64/libatk-bridge-2.0.so.0.0.0
7f5ad066b000-7f5ad066c000 rw-p 00000000 00:00 0 
7f5ad066c000-7f5ad068f000 r-xp 00000000 fd:00 169139                     /usr/lib64/libatk-1.0.so.0.22810.1
7f5ad068f000-7f5ad088f000 ---p 00023000 fd:00 169139                     /usr/lib64/libatk-1.0.so.0.22810.1
7f5ad088f000-7f5ad0892000 r--p 00023000 fd:00 169139                     /usr/lib64/libatk-1.0.so.0.22810.1
7f5ad0892000-7f5ad0893000 rw-p 00026000 fd:00 169139                     /usr/lib64/libatk-1.0.so.0.22810.1
7f5ad0893000-7f5ad08ba000 r-xp 00000000 fd:00 145367                     /usr/lib64/libgdk_pixbuf-2.0.so.0.3612.0
7f5ad08ba000-7f5ad0ab9000 ---p 00027000 fd:00 145367                     /usr/lib64/libgdk_pixbuf-2.0.so.0.3612.0
7f5ad0ab9000-7f5ad0aba000 r--p 00026000 fd:00 145367                     /usr/lib64/libgdk_pixbuf-2.0.so.0.3612.0
7f5ad0aba000-7f5ad0abb000 rw-p 00027000 fd:00 145367                     /usr/lib64/libgdk_pixbuf-2.0.so.0.3612.0
7f5ad0abb000-7f5ad0bd6000 r-xp 00000000 fd:00 170945                     /usr/lib64/libcairo.so.2.11512.0
7f5ad0bd6000-7f5ad0dd5000 ---p 0011b000 fd:00 170945                     /usr/lib64/libcairo.so.2.11512.0
7f5ad0dd5000-7f5ad0dd9000 r--p 0011a000 fd:00 170945                     /usr/lib64/libcairo.so.2.11512.0
7f5ad0dd9000-7f5ad0dda000 rw-p 0011e000 fd:00 170945                     /usr/lib64/libcairo.so.2.11512.0
7f5ad0dda000-7f5ad0ddb000 rw-p 00000000 00:00 0 
7f5ad0ddb000-7f5ad0de2000 r-xp 00000000 fd:00 171014                     /usr/lib64/libcairo-gobject.so.2.11512.0
7f5ad0de2000-7f5ad0fe1000 ---p 00007000 fd:00 171014                     /usr/lib64/libcairo-gobject.so.2.11512.0
7f5ad0fe1000-7f5ad0fe3000 r--p 00006000 fd:00 171014                     /usr/lib64/libcairo-gobject.so.2.11512.0
7f5ad0fe3000-7f5ad0fe4000 rw-p 00000000 00:00 0 
7f5ad0fe4000-7f5ad0ff4000 r-xp 00000000 fd:00 145095                     /usr/lib64/libXi.so.6.1.0
7f5ad0ff4000-7f5ad11f3000 ---p 00010000 fd:00 145095                     /usr/lib64/libXi.so.6.1.0
7f5ad11f3000-7f5ad11f4000 r--p 0000f000 fd:00 145095                     /usr/lib64/libXi.so.6.1.0
7f5ad11f4000-7f5ad11f5000 rw-p 00010000 fd:00 145095                     /usr/lib64/libXi.so.6.1.0
7f5ad11f5000-7f5ad1201000 r-xp 00000000 fd:00 166451                     /usr/lib64/libpangocairo-1.0.so.0.4200.3
7f5ad1201000-7f5ad1401000 ---p 0000c000 fd:00 166451                     /usr/lib64/libpangocairo-1.0.so.0.4200.3
7f5ad1401000-7f5ad1402000 r--p 0000c000 fd:00 166451                     /usr/lib64/libpangocairo-1.0.so.0.4200.3
7f5ad1402000-7f5ad1403000 rw-p 0000d000 fd:00 166451                     /usr/lib64/libpangocairo-1.0.so.0.4200.3
7f5ad1403000-7f5ad1406000 r-xp 00000000 fd:00 175048                     /usr/lib64/libgmodule-2.0.so.0.5600.3
7f5ad1406000-7f5ad1605000 ---p 00003000 fd:00 175048                     /usr/lib64/libgmodule-2.0.so.0.5600.3
7f5ad1605000-7f5ad1606000 r--p 00002000 fd:00 175048                     /usr/lib64/libgmodule-2.0.so.0.5600.3
7f5ad1606000-7f5ad1607000 rw-p 00003000 fd:00 175048                     /usr/lib64/libgmodule-2.0.so.0.5600.3
7f5ad1607000-7f5ad16f5000 r-xp 00000000 fd:00 147104                     /usr/lib64/libgdk-3.so.0.2200.30
7f5ad16f5000-7f5ad18f5000 ---p 000ee000 fd:00 147104                     /usr/lib64/libgdk-3.so.0.2200.30
7f5ad18f5000-7f5ad18fd000 r--p 000ee000 fd:00 147104                     /usr/lib64/libgdk-3.so.0.2200.30
7f5ad18fd000-7f5ad18ff000 rw-p 000f6000 fd:00 147104                     /usr/lib64/libgdk-3.so.0.2200.30
7f5ad18ff000-7f5ad1fff000 r-xp 00000000 fd:00 172282                     /usr/lib64/libgtk-3.so.0.2200.30
7f5ad1fff000-7f5ad21fe000 ---p 00700000 fd:00 172282                     /usr/lib64/libgtk-3.so.0.2200.30
7f5ad21fe000-7f5ad220e000 r--p 006ff000 fd:00 172282                     /usr/lib64/libgtk-3.so.0.2200.30
7f5ad220e000-7f5ad2210000 rw-p 0070f000 fd:00 172282                     /usr/lib64/libgtk-3.so.0.2200.30
7f5ad2210000-7f5ad2215000 rw-p 00000000 00:00 0 
7f5ad2215000-7f5ad2216000 r-xp 00000000 fd:00 353783                     /home/alexandrebis-x220/.openjfx/cache/11/libglass.so
7f5ad2216000-7f5ad2416000 ---p 00001000 fd:00 353783                     /home/alexandrebis-x220/.openjfx/cache/11/libglass.so
7f5ad2416000-7f5ad2417000 r--p 00001000 fd:00 353783                     /home/alexandrebis-x220/.openjfx/cache/11/libglass.so
7f5ad2417000-7f5ad2418000 rw-p 00002000 fd:00 353783                     /home/alexandrebis-x220/.openjfx/cache/11/libglass.so
7f5ad2418000-7f5ad2420000 r-xp 00000000 fd:00 145700                     /usr/lib64/libpciaccess.so.0.11.1
7f5ad2420000-7f5ad2620000 ---p 00008000 fd:00 145700                     /usr/lib64/libpciaccess.so.0.11.1
7f5ad2620000-7f5ad2621000 r--p 00008000 fd:00 145700                     /usr/lib64/libpciaccess.so.0.11.1
7f5ad2621000-7f5ad2622000 rw-p 00000000 00:00 0 
7f5ad2622000-7f5ad2639000 r-xp 00000000 fd:00 133537                     /usr/lib64/libgcc_s-8-20181011.so.1
7f5ad2639000-7f5ad2838000 ---p 00017000 fd:00 133537                     /usr/lib64/libgcc_s-8-20181011.so.1
7f5ad2838000-7f5ad2839000 r--p 00016000 fd:00 133537                     /usr/lib64/libgcc_s-8-20181011.so.1
7f5ad2839000-7f5ad283a000 rw-p 00017000 fd:00 133537                     /usr/lib64/libgcc_s-8-20181011.so.1
7f5ad283a000-7f5ad29bc000 r-xp 00000000 fd:00 158095                     /usr/lib64/libstdc++.so.6.0.25
7f5ad29bc000-7f5ad2bbc000 ---p 00182000 fd:00 158095                     /usr/lib64/libstdc++.so.6.0.25
7f5ad2bbc000-7f5ad2bc6000 r--p 00182000 fd:00 158095                     /usr/lib64/libstdc++.so.6.0.25
7f5ad2bc6000-7f5ad2bc8000 rw-p 0018c000 fd:00 158095                     /usr/lib64/libstdc++.so.6.0.25
7f5ad2bc8000-7f5ad2bcc000 rw-p 00000000 00:00 0 
7f5ad2bcc000-7f5ad2bd7000 r-xp 00000000 fd:00 145280                     /usr/lib64/libdrm_radeon.so.1.0.1
7f5ad2bd7000-7f5ad2dd6000 ---p 0000b000 fd:00 145280                     /usr/lib64/libdrm_radeon.so.1.0.1
7f5ad2dd6000-7f5ad2dd7000 r--p 0000a000 fd:00 145280                     /usr/lib64/libdrm_radeon.so.1.0.1
7f5ad2dd7000-7f5ad2dd8000 rw-p 00000000 00:00 0 
7f5ad2dd8000-7f5ad2ddf000 r-xp 00000000 fd:00 145279                     /usr/lib64/libdrm_nouveau.so.2.0.0
7f5ad2ddf000-7f5ad2fdf000 ---p 00007000 fd:00 145279                     /usr/lib64/libdrm_nouveau.so.2.0.0
7f5ad2fdf000-7f5ad2fe0000 r--p 00007000 fd:00 145279                     /usr/lib64/libdrm_nouveau.so.2.0.0
7f5ad2fe0000-7f5ad2fe1000 rw-p 00000000 00:00 0 
7f5ad2fe1000-7f5ad3003000 r-xp 00000000 fd:00 145278                     /usr/lib64/libdrm_intel.so.1.0.0
7f5ad3003000-7f5ad3202000 ---p 00022000 fd:00 145278                     /usr/lib64/libdrm_intel.so.1.0.0
7f5ad3202000-7f5ad3203000 r--p 00021000 fd:00 145278                     /usr/lib64/libdrm_intel.so.1.0.0
7f5ad3203000-7f5ad3204000 rw-p 00022000 fd:00 145278                     /usr/lib64/libdrm_intel.so.1.0.0
7f5ad3204000-7f5ad3a7d000 r-xp 00000000 fd:00 522156                     /usr/lib64/dri/i965_dri.so
7f5ad3a7d000-7f5ad3c7c000 ---p 00879000 fd:00 522156                     /usr/lib64/dri/i965_dri.so
7f5ad3c7c000-7f5ad3ccd000 r--p 00878000 fd:00 522156                     /usr/lib64/dri/i965_dri.so
7f5ad3ccd000-7f5ad3cd7000 rw-p 008c9000 fd:00 522156                     /usr/lib64/dri/i965_dri.so
7f5ad3cd7000-7f5ad3d7c000 rw-p 00000000 00:00 0 
7f5ad3d7c000-7f5ad3dfe000 r-xp 00000000 fd:00 143201                     /usr/lib64/libpcre2-8.so.0.7.1
7f5ad3dfe000-7f5ad3ffe000 ---p 00082000 fd:00 143201                     /usr/lib64/libpcre2-8.so.0.7.1
7f5ad3ffe000-7f5ad3fff000 r--p 00082000 fd:00 143201                     /usr/lib64/libpcre2-8.so.0.7.1
7f5ad3fff000-7f5ad4000000 rw-p 00083000 fd:00 143201                     /usr/lib64/libpcre2-8.so.0.7.1
7f5ad4000000-7f5ad4021000 rw-p 00000000 00:00 0 
7f5ad4021000-7f5ad8000000 ---p 00000000 00:00 0 
7f5ad8000000-7f5ad84e0000 rw-p 00000000 00:00 0 
7f5ad84e0000-7f5adc000000 ---p 00000000 00:00 0 
7f5adc000000-7f5adc4a5000 rw-p 00000000 00:00 0 
7f5adc4a5000-7f5ae0000000 ---p 00000000 00:00 0 
7f5ae0000000-7f5ae0021000 rw-p 00000000 00:00 0 
7f5ae0021000-7f5ae4000000 ---p 00000000 00:00 0 
7f5ae4000000-7f5ae4021000 rw-p 00000000 00:00 0 
7f5ae4021000-7f5ae8000000 ---p 00000000 00:00 0 
7f5ae8000000-7f5ae8021000 rw-p 00000000 00:00 0 
7f5ae8021000-7f5aec000000 ---p 00000000 00:00 0 
7f5aec000000-7f5aec78d000 rw-p 00000000 00:00 0 
7f5aec78d000-7f5af0000000 ---p 00000000 00:00 0 
7f5af0000000-7f5af0244000 rw-p 00000000 00:00 0 
7f5af0244000-7f5af4000000 ---p 00000000 00:00 0 
7f5af4000000-7f5af4021000 rw-p 00000000 00:00 0 
7f5af4021000-7f5af8000000 ---p 00000000 00:00 0 
7f5af80bc000-7f5af80c0000 ---p 00000000 00:00 0 
7f5af80c0000-7f5af81bd000 rw-p 00000000 00:00 0 
7f5af81bd000-7f5af81cd000 r-xp 00000000 fd:00 169147                     /usr/lib64/libdrm.so.2.4.0
7f5af81cd000-7f5af83cc000 ---p 00010000 fd:00 169147                     /usr/lib64/libdrm.so.2.4.0
7f5af83cc000-7f5af83cd000 r--p 0000f000 fd:00 169147                     /usr/lib64/libdrm.so.2.4.0
7f5af83cd000-7f5af83ce000 rw-p 00000000 00:00 0 
7f5af83ce000-7f5af83d3000 r-xp 00000000 fd:00 145109                     /usr/lib64/libXxf86vm.so.1.0.0
7f5af83d3000-7f5af85d2000 ---p 00005000 fd:00 145109                     /usr/lib64/libXxf86vm.so.1.0.0
7f5af85d2000-7f5af85d3000 r--p 00004000 fd:00 145109                     /usr/lib64/libXxf86vm.so.1.0.0
7f5af85d3000-7f5af85d4000 rw-p 00005000 fd:00 145109                     /usr/lib64/libXxf86vm.so.1.0.0
7f5af85d4000-7f5af85d8000 r-xp 00000000 fd:00 145962                     /usr/lib64/libxcb-dri2.so.0.0.0
7f5af85d8000-7f5af87d7000 ---p 00004000 fd:00 145962                     /usr/lib64/libxcb-dri2.so.0.0.0
7f5af87d7000-7f5af87d8000 r--p 00003000 fd:00 145962                     /usr/lib64/libxcb-dri2.so.0.0.0
7f5af87d8000-7f5af87d9000 rw-p 00004000 fd:00 145962                     /usr/lib64/libxcb-dri2.so.0.0.0
7f5af87d9000-7f5af87f1000 r-xp 00000000 fd:00 145965                     /usr/lib64/libxcb-glx.so.0.0.0
7f5af87f1000-7f5af89f1000 ---p 00018000 fd:00 145965                     /usr/lib64/libxcb-glx.so.0.0.0
7f5af89f1000-7f5af89f3000 r--p 00018000 fd:00 145965                     /usr/lib64/libxcb-glx.so.0.0.0
7f5af89f3000-7f5af89f4000 rw-p 0001a000 fd:00 145965                     /usr/lib64/libxcb-glx.so.0.0.0
7f5af89f4000-7f5af89f5000 r-xp 00000000 fd:00 145082                     /usr/lib64/libX11-xcb.so.1.0.0
7f5af89f5000-7f5af8bf4000 ---p 00001000 fd:00 145082                     /usr/lib64/libX11-xcb.so.1.0.0
7f5af8bf4000-7f5af8bf5000 r--p 00000000 fd:00 145082                     /usr/lib64/libX11-xcb.so.1.0.0
7f5af8bf5000-7f5af8bf6000 rw-p 00000000 00:00 0 
7f5af8bf6000-7f5af8bfb000 r-xp 00000000 fd:00 145091                     /usr/lib64/libXfixes.so.3.1.0
7f5af8bfb000-7f5af8dfa000 ---p 00005000 fd:00 145091                     /usr/lib64/libXfixes.so.3.1.0
7f5af8dfa000-7f5af8dfb000 r--p 00004000 fd:00 145091                     /usr/lib64/libXfixes.so.3.1.0
7f5af8dfb000-7f5af8dfc000 rw-p 00005000 fd:00 145091                     /usr/lib64/libXfixes.so.3.1.0
7f5af8dfc000-7f5af8dfe000 r-xp 00000000 fd:00 145088                     /usr/lib64/libXdamage.so.1.1.0
7f5af8dfe000-7f5af8ffd000 ---p 00002000 fd:00 145088                     /usr/lib64/libXdamage.so.1.1.0
7f5af8ffd000-7f5af8ffe000 r--p 00001000 fd:00 145088                     /usr/lib64/libXdamage.so.1.1.0
7f5af8ffe000-7f5af8fff000 rw-p 00000000 00:00 0 
7f5af8fff000-7f5af9025000 r-xp 00000000 fd:00 165753                     /usr/lib64/libselinux.so.1
7f5af9025000-7f5af9224000 ---p 00026000 fd:00 165753                     /usr/lib64/libselinux.so.1
7f5af9224000-7f5af9225000 r--p 00025000 fd:00 165753                     /usr/lib64/libselinux.so.1
7f5af9225000-7f5af9226000 rw-p 00026000 fd:00 165753                     /usr/lib64/libselinux.so.1
7f5af9226000-7f5af9228000 rw-p 00000000 00:00 0 
7f5af9228000-7f5af9254000 r-xp 00000000 fd:00 133974                     /usr/lib64/libglapi.so.0.0.0
7f5af9254000-7f5af9453000 ---p 0002c000 fd:00 133974                     /usr/lib64/libglapi.so.0.0.0
7f5af9453000-7f5af9457000 r--p 0002b000 fd:00 133974                     /usr/lib64/libglapi.so.0.0.0
7f5af9457000-7f5af9458000 rw-p 0002f000 fd:00 133974                     /usr/lib64/libglapi.so.0.0.0
7f5af9458000-7f5af9459000 rw-p 00000000 00:00 0 
7f5af9459000-7f5af945a000 r-xp 00000000 fd:00 146021                     /usr/lib64/libxshmfence.so.1.0.0
7f5af945a000-7f5af965a000 ---p 00001000 fd:00 146021                     /usr/lib64/libxshmfence.so.1.0.0
7f5af965a000-7f5af965b000 r--p 00001000 fd:00 146021                     /usr/lib64/libxshmfence.so.1.0.0
7f5af965b000-7f5af965c000 rw-p 00000000 00:00 0 
7f5af965c000-7f5af9662000 r-xp 00000000 fd:00 145978                     /usr/lib64/libxcb-sync.so.1.0.0
7f5af9662000-7f5af9861000 ---p 00006000 fd:00 145978                     /usr/lib64/libxcb-sync.so.1.0.0
7f5af9861000-7f5af9862000 r--p 00005000 fd:00 145978                     /usr/lib64/libxcb-sync.so.1.0.0
7f5af9862000-7f5af9863000 rw-p 00006000 fd:00 145978                     /usr/lib64/libxcb-sync.so.1.0.0
7f5af9863000-7f5af9865000 r-xp 00000000 fd:00 145969                     /usr/lib64/libxcb-present.so.0.0.0
7f5af9865000-7f5af9a64000 ---p 00002000 fd:00 145969                     /usr/lib64/libxcb-present.so.0.0.0
7f5af9a64000-7f5af9a65000 r--p 00001000 fd:00 145969                     /usr/lib64/libxcb-present.so.0.0.0
7f5af9a65000-7f5af9a66000 rw-p 00002000 fd:00 145969                     /usr/lib64/libxcb-present.so.0.0.0
7f5af9a66000-7f5af9a6d000 r-xp 00000000 fd:00 145981                     /usr/lib64/libxcb-xfixes.so.0.0.0
7f5af9a6d000-7f5af9c6c000 ---p 00007000 fd:00 145981                     /usr/lib64/libxcb-xfixes.so.0.0.0
7f5af9c6c000-7f5af9c6d000 r--p 00006000 fd:00 145981                     /usr/lib64/libxcb-xfixes.so.0.0.0
7f5af9c6d000-7f5af9c6e000 rw-p 00007000 fd:00 145981                     /usr/lib64/libxcb-xfixes.so.0.0.0
7f5af9c6e000-7f5af9c71000 r-xp 00000000 fd:00 145963                     /usr/lib64/libxcb-dri3.so.0.0.0
7f5af9c71000-7f5af9e71000 ---p 00003000 fd:00 145963                     /usr/lib64/libxcb-dri3.so.0.0.0
7f5af9e71000-7f5af9e72000 r--p 00003000 fd:00 145963                     /usr/lib64/libxcb-dri3.so.0.0.0
7f5af9e72000-7f5af9e73000 rw-p 00004000 fd:00 145963                     /usr/lib64/libxcb-dri3.so.0.0.0
7f5af9e73000-7f5af9eab000 r-xp 00000000 fd:00 168427                     /usr/lib64/libexpat.so.1.6.7
7f5af9eab000-7f5afa0ab000 ---p 00038000 fd:00 168427                     /usr/lib64/libexpat.so.1.6.7
7f5afa0ab000-7f5afa0ad000 r--p 00038000 fd:00 168427                     /usr/lib64/libexpat.so.1.6.7
7f5afa0ad000-7f5afa0ae000 rw-p 00000000 00:00 0 
7f5afa0ae000-7f5afa120000 r-xp 00000000 fd:00 154801                     /usr/lib64/libGLX_mesa.so.0.0.0
7f5afa120000-7f5afa320000 ---p 00072000 fd:00 154801                     /usr/lib64/libGLX_mesa.so.0.0.0
7f5afa320000-7f5afa323000 r--p 00072000 fd:00 154801                     /usr/lib64/libGLX_mesa.so.0.0.0
7f5afa323000-7f5afa324000 rw-p 00075000 fd:00 154801                     /usr/lib64/libGLX_mesa.so.0.0.0
7f5afa324000-7f5afa326000 r-xp 00000000 fd:00 145085                     /usr/lib64/libXau.so.6.0.0
7f5afa326000-7f5afa526000 ---p 00002000 fd:00 145085                     /usr/lib64/libXau.so.6.0.0
7f5afa526000-7f5afa527000 r--p 00002000 fd:00 145085                     /usr/lib64/libXau.so.6.0.0
7f5afa527000-7f5afa528000 rw-p 00000000 00:00 0 
7f5afa528000-7f5afa598000 r-xp 00000000 fd:00 157916                     /usr/lib64/libGLdispatch.so.0.0.0
7f5afa598000-7f5afa798000 ---p 00070000 fd:00 157916                     /usr/lib64/libGLdispatch.so.0.0.0
7f5afa798000-7f5afa7c1000 r--p 00070000 fd:00 157916                     /usr/lib64/libGLdispatch.so.0.0.0
7f5afa7c1000-7f5afa7c2000 rw-p 00099000 fd:00 157916                     /usr/lib64/libGLdispatch.so.0.0.0
7f5afa7c2000-7f5afa7e2000 rw-p 00000000 00:00 0 
7f5afa7e2000-7f5afa7f3000 r-xp 00000000 fd:00 145090                     /usr/lib64/libXext.so.6.4.0
7f5afa7f3000-7f5afa9f2000 ---p 00011000 fd:00 145090                     /usr/lib64/libXext.so.6.4.0
7f5afa9f2000-7f5afa9f3000 r--p 00010000 fd:00 145090                     /usr/lib64/libXext.so.6.4.0
7f5afa9f3000-7f5afa9f4000 rw-p 00011000 fd:00 145090                     /usr/lib64/libXext.so.6.4.0
7f5afa9f4000-7f5afaa04000 r-xp 00000000 fd:00 159192                     /usr/lib64/libGLX.so.0.0.0
7f5afaa04000-7f5afac04000 ---p 00010000 fd:00 159192                     /usr/lib64/libGLX.so.0.0.0
7f5afac04000-7f5afac05000 r--p 00010000 fd:00 159192                     /usr/lib64/libGLX.so.0.0.0
7f5afac05000-7f5afac06000 rw-p 00011000 fd:00 159192                     /usr/lib64/libGLX.so.0.0.0
7f5afac06000-7f5afac26000 rw-p 00000000 00:00 0 
7f5afac26000-7f5afac4d000 r-xp 00000000 fd:00 145989                     /usr/lib64/libxcb.so.1.1.0
7f5afac4d000-7f5afae4d000 ---p 00027000 fd:00 145989                     /usr/lib64/libxcb.so.1.1.0
7f5afae4d000-7f5afae4e000 r--p 00027000 fd:00 145989                     /usr/lib64/libxcb.so.1.1.0
7f5afae4e000-7f5afae4f000 rw-p 00028000 fd:00 145989                     /usr/lib64/libxcb.so.1.1.0
7f5afae4f000-7f5afaec4000 r-xp 00000000 fd:00 159190                     /usr/lib64/libGL.so.1.7.0
7f5afaec4000-7f5afb0c3000 ---p 00075000 fd:00 159190                     /usr/lib64/libGL.so.1.7.0
7f5afb0c3000-7f5afb0de000 r--p 00074000 fd:00 159190                     /usr/lib64/libGL.so.1.7.0
7f5afb0de000-7f5afb0df000 rw-p 0008f000 fd:00 159190                     /usr/lib64/libGL.so.1.7.0
7f5afb0df000-7f5afb0e0000 rw-p 00000000 00:00 0 
7f5afb0e0000-7f5afb21a000 r-xp 00000000 fd:00 145083                     /usr/lib64/libX11.so.6.3.0
7f5afb21a000-7f5afb41a000 ---p 0013a000 fd:00 145083                     /usr/lib64/libX11.so.6.3.0
7f5afb41a000-7f5afb41d000 r--p 0013a000 fd:00 145083                     /usr/lib64/libX11.so.6.3.0
7f5afb41d000-7f5afb421000 rw-p 0013d000 fd:00 145083                     /usr/lib64/libX11.so.6.3.0
7f5afb421000-7f5afb42d000 r-xp 00000000 fd:00 319298                     /home/alexandrebis-x220/.openjfx/cache/11/libprism_es2.so
7f5afb42d000-7f5afb62c000 ---p 0000c000 fd:00 319298                     /home/alexandrebis-x220/.openjfx/cache/11/libprism_es2.so
7f5afb62c000-7f5afb62d000 r--p 0000b000 fd:00 319298                     /home/alexandrebis-x220/.openjfx/cache/11/libprism_es2.so
7f5afb62d000-7f5afb62e000 rw-p 0000c000 fd:00 319298                     /home/alexandrebis-x220/.openjfx/cache/11/libprism_es2.so
7f5afb62e000-7f5afb6ee000 rw-p 00000000 00:00 0 
7f5afb6ee000-7f5afb82e000 ---p 00000000 00:00 0 
7f5afb82e000-7f5b08000000 r--p 00000000 fd:00 133200                     /usr/lib/locale/locale-archive
7f5b08000000-7f5b08021000 rw-p 00000000 00:00 0 
7f5b08021000-7f5b0c000000 ---p 00000000 00:00 0 
7f5b0c000000-7f5b0c021000 rw-p 00000000 00:00 0 
7f5b0c021000-7f5b10000000 ---p 00000000 00:00 0 
7f5b10000000-7f5b10021000 rw-p 00000000 00:00 0 
7f5b10021000-7f5b14000000 ---p 00000000 00:00 0 
7f5b14000000-7f5b14021000 rw-p 00000000 00:00 0 
7f5b14021000-7f5b18000000 ---p 00000000 00:00 0 
7f5b18000000-7f5b18021000 rw-p 00000000 00:00 0 
7f5b18021000-7f5b1c000000 ---p 00000000 00:00 0 
7f5b1c0a1000-7f5b1c1c1000 rw-s 00000000 00:32 522467                     /run/user/1000/wayland-cursor-shared-QBeXSh (deleted)
7f5b1c1c1000-7f5b1c1c2000 ---p 00000000 00:00 0 
7f5b1c1c2000-7f5b1c2c3000 rw-p 00000000 00:00 0 
7f5b1c2c3000-7f5b1c2c7000 ---p 00000000 00:00 0 
7f5b1c2c7000-7f5b1c3c4000 rw-p 00000000 00:00 0 
7f5b1c3c4000-7f5b1c3c5000 ---p 00000000 00:00 0 
7f5b1c3c5000-7f5b1c4c6000 rw-p 00000000 00:00 0 
7f5b1c4c6000-7f5b1c4ca000 ---p 00000000 00:00 0 
7f5b1c4ca000-7f5b1c5c7000 rw-p 00000000 00:00 0 
7f5b1c5c7000-7f5b1c5cb000 ---p 00000000 00:00 0 
7f5b1c5cb000-7f5b1c6c8000 rw-p 00000000 00:00 0 
7f5b1c6c8000-7f5b1c6cc000 ---p 00000000 00:00 0 
7f5b1c6cc000-7f5b1c7c9000 rw-p 00000000 00:00 0 
7f5b1c7c9000-7f5b1c7df000 r-xp 00000000 fd:00 353583                     /home/alexandrebis-x220/java/jdk-11.0.1/lib/libnet.so
7f5b1c7df000-7f5b1c9de000 ---p 00016000 fd:00 353583                     /home/alexandrebis-x220/java/jdk-11.0.1/lib/libnet.so
7f5b1c9de000-7f5b1c9df000 r--p 00015000 fd:00 353583                     /home/alexandrebis-x220/java/jdk-11.0.1/lib/libnet.so
7f5b1c9df000-7f5b1c9e0000 rw-p 00016000 fd:00 353583                     /home/alexandrebis-x220/java/jdk-11.0.1/lib/libnet.so
7f5b1c9e0000-7f5b1c9f0000 r-xp 00000000 fd:00 353584                     /home/alexandrebis-x220/java/jdk-11.0.1/lib/libnio.so
7f5b1c9f0000-7f5b1cbef000 ---p 00010000 fd:00 353584                     /home/alexandrebis-x220/java/jdk-11.0.1/lib/libnio.so
7f5b1cbef000-7f5b1cbf0000 r--p 0000f000 fd:00 353584                     /home/alexandrebis-x220/java/jdk-11.0.1/lib/libnio.so
7f5b1cbf0000-7f5b1cbf1000 rw-p 00010000 fd:00 353584                     /home/alexandrebis-x220/java/jdk-11.0.1/lib/libnio.so
7f5b1cbf1000-7f5b1cbf5000 ---p 00000000 00:00 0 
7f5b1cbf5000-7f5b1ccf2000 rw-p 00000000 00:00 0 
7f5b1ccf2000-7f5b1ccf6000 ---p 00000000 00:00 0 
7f5b1ccf6000-7f5b1cdf3000 rw-p 00000000 00:00 0 
7f5b1cdf3000-7f5b1cdf7000 ---p 00000000 00:00 0 
7f5b1cdf7000-7f5b1cef4000 rw-p 00000000 00:00 0 
7f5b1cef4000-7f5b1cef8000 ---p 00000000 00:00 0 
7f5b1cef8000-7f5b1cff5000 rw-p 00000000 00:00 0 
7f5b1cff5000-7f5b1cff9000 ---p 00000000 00:00 0 
7f5b1cff9000-7f5b1d0f6000 rw-p 00000000 00:00 0 
7f5b1d0f6000-7f5b1d0fa000 ---p 00000000 00:00 0 
7f5b1d0fa000-7f5b1d1f7000 rw-p 00000000 00:00 0 
7f5b1d1f7000-7f5b1d1f8000 ---p 00000000 00:00 0 
7f5b1d1f8000-7f5b1daf9000 rw-p 00000000 00:00 0 
7f5b1daf9000-7f5b1dafa000 ---p 00000000 00:00 0 
7f5b1dafa000-7f5b1dbfb000 rw-p 00000000 00:00 0 
7f5b1dbfb000-7f5b1dbfc000 ---p 00000000 00:00 0 
7f5b1dbfc000-7f5b20000000 rw-p 00000000 00:00 0 
7f5b20000000-7f5b20021000 rw-p 00000000 00:00 0 
7f5b20021000-7f5b24000000 ---p 00000000 00:00 0 
7f5b24000000-7f5b24021000 rw-p 00000000 00:00 0 
7f5b24021000-7f5b28000000 ---p 00000000 00:00 0 
7f5b28000000-7f5b28021000 rw-p 00000000 00:00 0 
7f5b28021000-7f5b2c000000 ---p 00000000 00:00 0 
7f5b2c063000-7f5b2c1e5000 rw-p 00000000 00:00 0 
7f5b2c1e5000-7f5b2c1e6000 ---p 00000000 00:00 0 
7f5b2c1e6000-7f5b2c2e7000 rw-p 00000000 00:00 0 
7f5b2c2e7000-7f5b2c2e8000 ---p 00000000 00:00 0 
7f5b2c2e8000-7f5b2c559000 rw-p 00000000 00:00 0 
7f5b2c559000-7f5b2dac1000 ---p 00000000 00:00 0 
7f5b2dac1000-7f5b2dc31000 rw-p 00000000 00:00 0 
7f5b2dc31000-7f5b2f199000 ---p 00000000 00:00 0 
7f5b2f199000-7f5b2f1c7000 rw-p 00000000 00:00 0 
7f5b2f1c7000-7f5b2f474000 ---p 00000000 00:00 0 
7f5b2f474000-7f5b2f4a2000 rw-p 00000000 00:00 0 
7f5b2f4a2000-7f5b2f74f000 ---p 00000000 00:00 0 
7f5b2f74f000-7f5b2f77d000 rw-p 00000000 00:00 0 
7f5b2f77d000-7f5b2fa2a000 ---p 00000000 00:00 0 
7f5b2fa2a000-7f5b2fe2e000 rw-p 00000000 00:00 0 
7f5b2fe2e000-7f5b2fe2f000 ---p 00000000 00:00 0 
7f5b2fe2f000-7f5b2ff35000 rw-p 00000000 00:00 0 
7f5b2ff35000-7f5b3001b000 ---p 00000000 00:00 0 
7f5b3001b000-7f5b3028b000 rwxp 00000000 00:00 0 
7f5b3028b000-7f5b305ab000 ---p 00000000 00:00 0 
7f5b305ab000-7f5b3081b000 rwxp 00000000 00:00 0 
7f5b3081b000-7f5b37ae3000 ---p 00000000 00:00 0 
7f5b37ae3000-7f5b37d53000 rwxp 00000000 00:00 0 
7f5b37d53000-7f5b3f01b000 ---p 00000000 00:00 0 
7f5b3f01b000-7f5b473d6000 r--s 00000000 fd:00 353594                     /home/alexandrebis-x220/java/jdk-11.0.1/lib/modules
7f5b473d6000-7f5b473f1000 r-xp 00000000 fd:00 353575                     /home/alexandrebis-x220/java/jdk-11.0.1/lib/libjimage.so
7f5b473f1000-7f5b475f0000 ---p 0001b000 fd:00 353575                     /home/alexandrebis-x220/java/jdk-11.0.1/lib/libjimage.so
7f5b475f0000-7f5b475f2000 r--p 0001a000 fd:00 353575                     /home/alexandrebis-x220/java/jdk-11.0.1/lib/libjimage.so
7f5b475f2000-7f5b475f3000 rw-p 0001c000 fd:00 353575                     /home/alexandrebis-x220/java/jdk-11.0.1/lib/libjimage.so
7f5b475f3000-7f5b475fa000 r-xp 00000000 fd:00 353593                     /home/alexandrebis-x220/java/jdk-11.0.1/lib/libzip.so
7f5b475fa000-7f5b477f9000 ---p 00007000 fd:00 353593                     /home/alexandrebis-x220/java/jdk-11.0.1/lib/libzip.so
7f5b477f9000-7f5b477fa000 r--p 00006000 fd:00 353593                     /home/alexandrebis-x220/java/jdk-11.0.1/lib/libzip.so
7f5b477fa000-7f5b477fb000 rw-p 00007000 fd:00 353593                     /home/alexandrebis-x220/java/jdk-11.0.1/lib/libzip.so
7f5b477fb000-7f5b48000000 r--s 00000000 fd:00 12998                      /var/lib/sss/mc/passwd
7f5b48000000-7f5b484af000 rw-p 00000000 00:00 0 
7f5b484af000-7f5b4c000000 ---p 00000000 00:00 0 
7f5b4c000000-7f5b4c003000 r--p 00000000 fd:00 530511                     /usr/share/locale/fr/LC_MESSAGES/atk10.mo
7f5b4c003000-7f5b4c009000 r--p 00000000 fd:00 159783                     /home/alexandrebis-x220/.config/dconf/user
7f5b4c009000-7f5b4c02b000 r--p 00000000 fd:00 530493                     /usr/share/locale/fr/LC_MESSAGES/glib20.mo
7f5b4c02b000-7f5b4c053000 r--p 00000000 fd:00 261057                     /usr/share/glib-2.0/schemas/gschemas.compiled
7f5b4c053000-7f5b4c05a000 r--s 00000000 fd:00 522456                     /usr/lib64/gconv/gconv-modules.cache
7f5b4c05a000-7f5b4c071000 r--p 00000000 fd:00 542926                     /usr/share/locale/fr/LC_MESSAGES/gtk30.mo
7f5b4c071000-7f5b4c0d1000 rw-p 00000000 00:00 0 
7f5b4c0d1000-7f5b4c1b7000 ---p 00000000 00:00 0 
7f5b4c1b7000-7f5b4c1bf000 r-xp 00000000 fd:00 216922                     /usr/lib64/libnss_sss.so.2
7f5b4c1bf000-7f5b4c3be000 ---p 00008000 fd:00 216922                     /usr/lib64/libnss_sss.so.2
7f5b4c3be000-7f5b4c3bf000 r--p 00007000 fd:00 216922                     /usr/lib64/libnss_sss.so.2
7f5b4c3bf000-7f5b4c3c0000 rw-p 00008000 fd:00 216922                     /usr/lib64/libnss_sss.so.2
7f5b4c3c0000-7f5b4c3eb000 r-xp 00000000 fd:00 353571                     /home/alexandrebis-x220/java/jdk-11.0.1/lib/libjava.so
7f5b4c3eb000-7f5b4c5ea000 ---p 0002b000 fd:00 353571                     /home/alexandrebis-x220/java/jdk-11.0.1/lib/libjava.so
7f5b4c5ea000-7f5b4c5eb000 r--p 0002a000 fd:00 353571                     /home/alexandrebis-x220/java/jdk-11.0.1/lib/libjava.so
7f5b4c5eb000-7f5b4c5ed000 rw-p 0002b000 fd:00 353571                     /home/alexandrebis-x220/java/jdk-11.0.1/lib/libjava.so
7f5b4c5ed000-7f5b4c5fa000 r-xp 00000000 fd:00 353592                     /home/alexandrebis-x220/java/jdk-11.0.1/lib/libverify.so
7f5b4c5fa000-7f5b4c7f9000 ---p 0000d000 fd:00 353592                     /home/alexandrebis-x220/java/jdk-11.0.1/lib/libverify.so
7f5b4c7f9000-7f5b4c7fb000 r--p 0000c000 fd:00 353592                     /home/alexandrebis-x220/java/jdk-11.0.1/lib/libverify.so
7f5b4c7fb000-7f5b4c7fc000 rw-p 0000e000 fd:00 353592                     /home/alexandrebis-x220/java/jdk-11.0.1/lib/libverify.so
7f5b4c7fc000-7f5b4c803000 r-xp 00000000 fd:00 156562                     /usr/lib64/librt-2.27.so
7f5b4c803000-7f5b4ca02000 ---p 00007000 fd:00 156562                     /usr/lib64/librt-2.27.so
7f5b4ca02000-7f5b4ca03000 r--p 00006000 fd:00 156562                     /usr/lib64/librt-2.27.so
7f5b4ca03000-7f5b4ca04000 rw-p 00007000 fd:00 156562                     /usr/lib64/librt-2.27.so
7f5b4ca04000-7f5b4cb96000 r-xp 00000000 fd:00 156198                     /usr/lib64/libm-2.27.so
7f5b4cb96000-7f5b4cd96000 ---p 00192000 fd:00 156198                     /usr/lib64/libm-2.27.so
7f5b4cd96000-7f5b4cd97000 r--p 00192000 fd:00 156198                     /usr/lib64/libm-2.27.so
7f5b4cd97000-7f5b4cd98000 rw-p 00193000 fd:00 156198                     /usr/lib64/libm-2.27.so
7f5b4cd98000-7f5b4df20000 r-xp 00000000 fd:00 353603                     /home/alexandrebis-x220/java/jdk-11.0.1/lib/server/libjvm.so
7f5b4df20000-7f5b4e120000 ---p 01188000 fd:00 353603                     /home/alexandrebis-x220/java/jdk-11.0.1/lib/server/libjvm.so
7f5b4e120000-7f5b4e1ea000 r--p 01188000 fd:00 353603                     /home/alexandrebis-x220/java/jdk-11.0.1/lib/server/libjvm.so
7f5b4e1ea000-7f5b4e224000 rw-p 01252000 fd:00 353603                     /home/alexandrebis-x220/java/jdk-11.0.1/lib/server/libjvm.so
7f5b4e224000-7f5b4e27a000 rw-p 00000000 00:00 0 
7f5b4e27a000-7f5b4e42f000 r-xp 00000000 fd:00 133172                     /usr/lib64/libc-2.27.so
7f5b4e42f000-7f5b4e62f000 ---p 001b5000 fd:00 133172                     /usr/lib64/libc-2.27.so
7f5b4e62f000-7f5b4e633000 r--p 001b5000 fd:00 133172                     /usr/lib64/libc-2.27.so
7f5b4e633000-7f5b4e635000 rw-p 001b9000 fd:00 133172                     /usr/lib64/libc-2.27.so
7f5b4e635000-7f5b4e639000 rw-p 00000000 00:00 0 
7f5b4e639000-7f5b4e63c000 r-xp 00000000 fd:00 156170                     /usr/lib64/libdl-2.27.so
7f5b4e63c000-7f5b4e83b000 ---p 00003000 fd:00 156170                     /usr/lib64/libdl-2.27.so
7f5b4e83b000-7f5b4e83c000 r--p 00002000 fd:00 156170                     /usr/lib64/libdl-2.27.so
7f5b4e83c000-7f5b4e83d000 rw-p 00003000 fd:00 156170                     /usr/lib64/libdl-2.27.so
7f5b4e83d000-7f5b4e84c000 r-xp 00000000 fd:00 353556                     /home/alexandrebis-x220/java/jdk-11.0.1/lib/jli/libjli.so
7f5b4e84c000-7f5b4ea4c000 ---p 0000f000 fd:00 353556                     /home/alexandrebis-x220/java/jdk-11.0.1/lib/jli/libjli.so
7f5b4ea4c000-7f5b4ea4d000 r--p 0000f000 fd:00 353556                     /home/alexandrebis-x220/java/jdk-11.0.1/lib/jli/libjli.so
7f5b4ea4d000-7f5b4ea4e000 rw-p 00010000 fd:00 353556                     /home/alexandrebis-x220/java/jdk-11.0.1/lib/jli/libjli.so
7f5b4ea4e000-7f5b4ea67000 r-xp 00000000 fd:00 156421                     /usr/lib64/libpthread-2.27.so
7f5b4ea67000-7f5b4ec67000 ---p 00019000 fd:00 156421                     /usr/lib64/libpthread-2.27.so
7f5b4ec67000-7f5b4ec68000 r--p 00019000 fd:00 156421                     /usr/lib64/libpthread-2.27.so
7f5b4ec68000-7f5b4ec69000 rw-p 0001a000 fd:00 156421                     /usr/lib64/libpthread-2.27.so
7f5b4ec69000-7f5b4ec6d000 rw-p 00000000 00:00 0 
7f5b4ec6d000-7f5b4ec83000 r-xp 00000000 fd:00 146026                     /usr/lib64/libz.so.1.2.11
7f5b4ec83000-7f5b4ee82000 ---p 00016000 fd:00 146026                     /usr/lib64/libz.so.1.2.11
7f5b4ee82000-7f5b4ee83000 r--p 00015000 fd:00 146026                     /usr/lib64/libz.so.1.2.11
7f5b4ee83000-7f5b4ee84000 rw-p 00000000 00:00 0 
7f5b4ee84000-7f5b4eeab000 r-xp 00000000 fd:00 155987                     /usr/lib64/ld-2.27.so
7f5b4eeab000-7f5b4eeb0000 rw-s 00000000 00:28 520729                     /i915 (deleted)
7f5b4eeb0000-7f5b4ef7c000 rw-p 00000000 00:00 0 
7f5b4ef7c000-7f5b4ef80000 ---p 00000000 00:00 0 
7f5b4ef80000-7f5b4f081000 rw-p 00000000 00:00 0 
7f5b4f082000-7f5b4f083000 r--p 00000000 fd:00 260954                     /etc/dconf/db/distro
7f5b4f083000-7f5b4f084000 r--p 00000000 fd:00 261576                     /etc/dconf/db/site
7f5b4f084000-7f5b4f085000 r--p 00000000 fd:00 261579                     /etc/dconf/db/local
7f5b4f085000-7f5b4f086000 r--s 00000000 00:32 470406                     /run/user/1000/dconf/user
7f5b4f086000-7f5b4f087000 rwxp 00000000 00:00 0 
7f5b4f087000-7f5b4f08b000 rw-s 00000000 00:28 523562                     /i915 (deleted)
7f5b4f08b000-7f5b4f08f000 rw-s 00000000 00:28 523560                     /i915 (deleted)
7f5b4f08f000-7f5b4f094000 rw-s 00000000 00:28 523559                     /i915 (deleted)
7f5b4f094000-7f5b4f099000 rw-p 00000000 00:00 0 
7f5b4f099000-7f5b4f0a0000 ---p 00000000 00:00 0 
7f5b4f0a0000-7f5b4f0a8000 rw-s 00000000 00:2c 522464                     /tmp/hsperfdata_alexandrebis-x220/26809
7f5b4f0a8000-7f5b4f0a9000 ---p 00000000 00:00 0 
7f5b4f0a9000-7f5b4f0aa000 r--p 00000000 00:00 0 
7f5b4f0aa000-7f5b4f0ab000 r--p 00026000 fd:00 155987                     /usr/lib64/ld-2.27.so
7f5b4f0ab000-7f5b4f0ac000 rw-p 00027000 fd:00 155987                     /usr/lib64/ld-2.27.so
7f5b4f0ac000-7f5b4f0ad000 rw-p 00000000 00:00 0 
7fffc0437000-7fffc0459000 rw-p 00000000 00:00 0                          [stack]
7fffc055f000-7fffc0562000 r--p 00000000 00:00 0                          [vvar]
7fffc0562000-7fffc0564000 r-xp 00000000 00:00 0                          [vdso]
ffffffffff600000-ffffffffff601000 r-xp 00000000 00:00 0                  [vsyscall]


VM Arguments:
jvm_args: --module-path=/home/alexandrebis-x220/.m2/repository/com/google/code/gson/gson/2.8.5/gson-2.8.5.jar:/home/alexandrebis-x220/.m2/repository/commons-codec/commons-codec/1.6/commons-codec-1.6.jar:/home/alexandrebis-x220/.m2/repository/commons-logging/commons-logging/1.1.3/commons-logging-1.1.3.jar:/home/alexandrebis-x220/.m2/repository/org/apache/httpcomponents/httpclient/4.3.4/httpclient-4.3.4.jar:/home/alexandrebis-x220/.m2/repository/org/apache/httpcomponents/httpcore/4.3.2/httpcore-4.3.2.jar:/home/alexandrebis-x220/.m2/repository/org/openjfx/javafx-base/11/javafx-base-11-linux.jar:/home/alexandrebis-x220/.m2/repository/org/openjfx/javafx-base/11/javafx-base-11.jar:/home/alexandrebis-x220/.m2/repository/org/openjfx/javafx-controls/11/javafx-controls-11-linux.jar:/home/alexandrebis-x220/.m2/repository/org/openjfx/javafx-controls/11/javafx-controls-11.jar:/home/alexandrebis-x220/.m2/repository/org/openjfx/javafx-fxml/11/javafx-fxml-11-linux.jar:/home/alexandrebis-x220/.m2/repository/org/openjfx/javafx-fxml/11/javafx-fxml-11.jar:/home/alexandrebis-x220/.m2/repository/org/openjfx/javafx-graphics/11/javafx-graphics-11-linux.jar:/home/alexandrebis-x220/.m2/repository/org/openjfx/javafx-graphics/11/javafx-graphics-11.jar --add-modules=gson,commons.codec,commons.logging,httpclient,httpcore,javafx.base,javafx.controls,javafx.fxml,javafx.graphics 
java_command: MainApp
java_class_path (initial): /run/media/alexandrebis-x220/Elements/ESGI/Matières/Projet_Annuel/3AL_Java/JavaFX/3AL_ClientJavaFX/JavaFX/target/classes
Launcher Type: SUN_STANDARD

[Global flags]
     intx CICompilerCount                          = 3                                         {product} {ergonomic}
     uint ConcGCThreads                            = 1                                         {product} {ergonomic}
     uint G1ConcRefinementThreads                  = 4                                         {product} {ergonomic}
   size_t G1HeapRegionSize                         = 1048576                                   {product} {ergonomic}
    uintx GCDrainStackTargetSize                   = 64                                        {product} {ergonomic}
   size_t InitialHeapSize                          = 96468992                                  {product} {ergonomic}
   size_t MarkStackSize                            = 4194304                                   {product} {ergonomic}
   size_t MaxHeapSize                              = 1533018112                                {product} {ergonomic}
   size_t MaxNewSize                               = 919601152                                 {product} {ergonomic}
   size_t MinHeapDeltaBytes                        = 1048576                                   {product} {ergonomic}
    uintx NonNMethodCodeHeapSize                   = 5830092                                {pd product} {ergonomic}
    uintx NonProfiledCodeHeapSize                  = 122914074                              {pd product} {ergonomic}
    uintx ProfiledCodeHeapSize                     = 122914074                              {pd product} {ergonomic}
    uintx ReservedCodeCacheSize                    = 251658240                              {pd product} {ergonomic}
     bool SegmentedCodeCache                       = true                                      {product} {ergonomic}
     bool UseCompressedClassPointers               = true                                 {lp64_product} {ergonomic}
     bool UseCompressedOops                        = true                                 {lp64_product} {ergonomic}
     bool UseG1GC                                  = true                                      {product} {ergonomic}

Logging:
Log output configuration:
 #0: stdout all=warning uptime,level,tags
 #1: stderr all=off uptime,level,tags

Environment Variables:
JAVA_HOME=/home/alexandrebis-x220/java/jdk-11.0.1/
PATH=/home/alexandrebis-x220/java/jdk-11.0.1/bin:/usr/share/Modules/bin:/home/alexandrebis-x220/java/jdk-11.0.1/bin:/usr/local/bin:/usr/local/sbin:/usr/bin:/usr/sbin:/home/alexandrebis-x220/bin:/home/alexandrebis-x220/.composer/vendor/bin
USERNAME=alexandrebis-x220
SHELL=/usr/bin/zsh
DISPLAY=:0

Signal Handlers:
SIGSEGV: [libjvm.so+0xe5ac10], sa_mask[0]=11111111011111111101111111111110, sa_flags=SA_RESTART|SA_SIGINFO
SIGBUS: [libjvm.so+0xe5ac10], sa_mask[0]=11111111011111111101111111111110, sa_flags=SA_RESTART|SA_SIGINFO
SIGFPE: [libjvm.so+0xe5ac10], sa_mask[0]=11111111011111111101111111111110, sa_flags=SA_RESTART|SA_SIGINFO
SIGPIPE: SIG_IGN, sa_mask[0]=00000000000010000000000000000000, sa_flags=SA_RESTART
SIGXFSZ: [libjvm.so+0xc30d00], sa_mask[0]=11111111011111111101111111111110, sa_flags=SA_RESTART|SA_SIGINFO
SIGILL: [libjvm.so+0xe5ac10], sa_mask[0]=11111111011111111101111111111110, sa_flags=SA_RESTART|SA_SIGINFO
SIGUSR2: [libjvm.so+0xc30ba0], sa_mask[0]=00100000000000000000000000000000, sa_flags=SA_RESTART|SA_SIGINFO
SIGHUP: [libjvm.so+0xc30f00], sa_mask[0]=11111111011111111101111111111110, sa_flags=SA_RESTART|SA_SIGINFO
SIGINT: [libjvm.so+0xc30f00], sa_mask[0]=11111111011111111101111111111110, sa_flags=SA_RESTART|SA_SIGINFO
SIGTERM: [libjvm.so+0xc30f00], sa_mask[0]=11111111011111111101111111111110, sa_flags=SA_RESTART|SA_SIGINFO
SIGQUIT: [libjvm.so+0xc30f00], sa_mask[0]=11111111011111111101111111111110, sa_flags=SA_RESTART|SA_SIGINFO


---------------  S Y S T E M  ---------------

OS:Fedora release 28 (Twenty Eight)
uname:Linux 4.18.16-200.fc28.x86_64 #1 SMP Sat Oct 20 23:53:47 UTC 2018 x86_64
libc:glibc 2.27 NPTL 2.27 
rlimit: STACK 8192k, CORE infinity, NPROC 23258, NOFILE 4096, AS infinity, DATA infinity, FSIZE infinity
load average:1,85 6,05 3,57

/proc/meminfo:
MemTotal:        5982196 kB
MemFree:          411772 kB
MemAvailable:    1598220 kB
Buffers:          211748 kB
Cached:          1269568 kB
SwapCached:        35404 kB
Active:          3297496 kB
Inactive:        1840308 kB
Active(anon):    2863480 kB
Inactive(anon):   932816 kB
Active(file):     434016 kB
Inactive(file):   907492 kB
Unevictable:           0 kB
Mlocked:               0 kB
SwapTotal:       1564668 kB
SwapFree:        1161468 kB
Dirty:               476 kB
Writeback:             0 kB
AnonPages:       3630248 kB
Mapped:           324440 kB
Shmem:            139704 kB
Slab:             258736 kB
SReclaimable:     110424 kB
SUnreclaim:       148312 kB
KernelStack:       19648 kB
PageTables:        75748 kB
NFS_Unstable:          0 kB
Bounce:                0 kB
WritebackTmp:          0 kB
CommitLimit:     4555764 kB
Committed_AS:   11539068 kB
VmallocTotal:   34359738367 kB
VmallocUsed:           0 kB
VmallocChunk:          0 kB
HardwareCorrupted:     0 kB
AnonHugePages:     10240 kB
ShmemHugePages:        0 kB
ShmemPmdMapped:        0 kB
CmaTotal:              0 kB
CmaFree:               0 kB
HugePages_Total:       0
HugePages_Free:        0
HugePages_Rsvd:        0
HugePages_Surp:        0
Hugepagesize:       2048 kB
Hugetlb:               0 kB
DirectMap4k:      401024 kB
DirectMap2M:     5771264 kB


/proc/sys/kernel/threads-max (system-wide limit on the number of threads):
46516


/proc/sys/vm/max_map_count (maximum number of memory map areas a process may have):
65530


/proc/sys/kernel/pid_max (system-wide limit on number of process identifiers):
32768


container (cgroup) information:
container_type: cgroupv1
cpu_cpuset_cpus: 0-3
cpu_memory_nodes: 0
active_processor_count: 4
cpu_quota: -1
cpu_period: 100000
cpu_shares: -1
memory_limit_in_bytes: -1
memory_and_swap_limit_in_bytes: -1
memory_soft_limit_in_bytes: -1
memory_usage_in_bytes: 3577294848
memory_max_usage_in_bytes: 4315688960


CPU:total 4 (initial active 4) (2 cores per cpu, 2 threads per core) family 6 model 42 stepping 7, cmov, cx8, fxsr, mmx, sse, sse2, sse3, ssse3, sse4.1, sse4.2, popcnt, avx, aes, clmul, ht, tsc, tscinvbit
CPU Model and flags from /proc/cpuinfo:
model name	: Intel(R) Core(TM) i5-2520M CPU @ 2.50GHz
flags		: fpu vme de pse tsc msr pae mce cx8 apic sep mtrr pge mca cmov pat pse36 clflush dts acpi mmx fxsr sse sse2 ss ht tm pbe syscall nx rdtscp lm constant_tsc arch_perfmon pebs bts nopl xtopology nonstop_tsc cpuid aperfmperf pni pclmulqdq dtes64 monitor ds_cpl vmx smx est tm2 ssse3 cx16 xtpr pdcm pcid sse4_1 sse4_2 x2apic popcnt tsc_deadline_timer aes xsave avx lahf_lm epb pti ssbd ibrs ibpb stibp tpr_shadow vnmi flexpriority ept vpid xsaveopt dtherm ida arat pln pts flush_l1d

Memory: 4k page, physical 5982196k(411772k free), swap 1564668k(1161468k free)

vm_info: Java HotSpot(TM) 64-Bit Server VM (11.0.1+13-LTS) for linux-amd64 JRE (11.0.1+13-LTS), built on Oct  6 2018 05:13:05 by "mach5one" with gcc 7.3.0

END.
